#
# A fatal error has been detected by the Java Runtime Environment:
#
#  EXCEPTION_ACCESS_VIOLATION (0xc0000005) at pc=0x00000000520f040e, pid=41012, tid=12244
#
# JRE version: Java(TM) SE Runtime Environment (10.0.2+13) (build 10.0.2+13)
# Java VM: Java HotSpot(TM) 64-Bit Server VM (10.0.2+13, mixed mode, tiered, compressed oops, g1 gc, windows-amd64)
# Problematic frame:
# V  [jvm.dll+0x56040e]
#
# No core dump will be written. Minidumps are not enabled by default on client versions of Windows
#
# If you would like to submit a bug report, please visit:
#   http://bugreport.java.com/bugreport/crash.jsp
#

---------------  S U M M A R Y ------------

Command Line: -agentlib:jdwp=transport=dt_socket,suspend=y,address=localhost:14643 -Djava.library.path=C:\Users\hp\git\ADSBPacketDelivery\Lib -javaagent:D:\java-2018-12\eclipse\configuration\org.eclipse.osgi\221\0\.cp\lib\javaagent-shaded.jar -Dfile.encoding=MS949 test.javafx.JavaFXTestDrive

Host: Intel(R) Core(TM) i7-8550U CPU @ 1.80GHz, 8 cores, 23G,  Windows 10 , 64 bit Build 17134 (10.0.17134.556)
Time: Thu Feb 21 09:53:12 2019 ¢¥eCN©öI¡¾©ö C¡ÍA¨ª¨öA elapsed time: 41 seconds (0d 0h 0m 41s)

---------------  T H R E A D  ---------------

Current thread (0x0000021fe9971000):  VMThread "VM Thread" [stack: 0x000000fc5a800000,0x000000fc5a900000] [id=12244]

Stack: [0x000000fc5a800000,0x000000fc5a900000],  sp=0x000000fc5a8ff670,  free space=1021k
Native frames: (J=compiled Java code, j=interpreted, Vv=VM code, C=native code)
V  [jvm.dll+0x56040e]
V  [jvm.dll+0x4785d1]
V  [jvm.dll+0x1c329b]
V  [jvm.dll+0x4786e3]
V  [jvm.dll+0x6c47bc]
V  [jvm.dll+0x6c2f25]
V  [jvm.dll+0x6c3730]
V  [jvm.dll+0x6c3a6c]
V  [jvm.dll+0x59f4b0]
C  [msvcr120.dll+0x24f7f]
C  [msvcr120.dll+0x25126]
C  [KERNEL32.DLL+0x13dc4]
C  [ntdll.dll+0x73691]


siginfo: EXCEPTION_ACCESS_VIOLATION (0xc0000005), reading address 0x00002a0000000128


Register to memory mapping:

RIP=0x00000000520f040e jvm.dll
RAX=0x0000021fe9924330 is an unknown value
RBX=0x0000021febf47f98 is pointing into metadata
RCX=0x0000000000000008 is an unknown value
RDX=0x0000000000000003 is an unknown value
RSP=0x000000fc5a8ff670 is an unknown value
RBP=0x0000021fe9971000 is an unknown value
RSI=0x00002a0000000000 is an unknown value
RDI=0x0000000000000004 is an unknown value
R8 =0x0000000000000000 is an unknown value
R9 =0x0000000000000000 is an unknown value
R10=0x0000021fedfec0c0 is an unknown value
R11=0x0000000000000200 is an unknown value
R12=0x000000005230d698 jvm.dll
R13=0x0000000052566940 jvm.dll
R14=0x0000021fe97efbb8 is an unknown value
R15=0x00000000000003d8 is an unknown value


Registers:
RAX=0x0000021fe9924330, RBX=0x0000021febf47f98, RCX=0x0000000000000008, RDX=0x0000000000000003
RSP=0x000000fc5a8ff670, RBP=0x0000021fe9971000, RSI=0x00002a0000000000, RDI=0x0000000000000004
R8 =0x0000000000000000, R9 =0x0000000000000000, R10=0x0000021fedfec0c0, R11=0x0000000000000200
R12=0x000000005230d698, R13=0x0000000052566940, R14=0x0000021fe97efbb8, R15=0x00000000000003d8
RIP=0x00000000520f040e, EFLAGS=0x0000000000010202

Top of Stack: (sp=0x000000fc5a8ff670)
0x000000fc5a8ff670:   0000000000000001 0000021fedff1e08
0x000000fc5a8ff680:   0000021fe9ff01d0 0000021fe97f3240
0x000000fc5a8ff690:   00000000000003d8 0000021fe97efbb8
0x000000fc5a8ff6a0:   0000000052566940 000000005230d698
0x000000fc5a8ff6b0:   0000021fe9971000 00000000520085d1
0x000000fc5a8ff6c0:   000000005238b5f8 0000021fe9ff01d0
0x000000fc5a8ff6d0:   0000021fe9aece70 0000000000000001
0x000000fc5a8ff6e0:   000000fc5a8ff7d8 0000000051d5329b
0x000000fc5a8ff6f0:   00000007c00b28d8 000000005230d698
0x000000fc5a8ff700:   0000000000000000 0000000000000000
0x000000fc5a8ff710:   0000000000000001 00000000520086e3
0x000000fc5a8ff720:   000000fc5b2ff600 000000fc5b2ff600
0x000000fc5a8ff730:   000000fc5b2ff600 000000005230d698
0x000000fc5a8ff740:   0000021fc1d5d6b0 0000000051ff2a00
0x000000fc5a8ff750:   0000021fe9971000 0000021fe97f3280
0x000000fc5a8ff760:   0000021fe97e8e20 0000021fe97e8e30 

Instructions: (pc=0x00000000520f040e)
0x00000000520f03ee:   8b 15 68 83 47 00 65 48 8b 04 25 58 00 00 00 48
0x00000000520f03fe:   89 74 24 60 48 8b 04 d0 48 8b f1 b9 08 00 00 00
0x00000000520f040e:   83 be 28 01 00 00 00 48 8b 14 08 48 8b aa a0 01
0x00000000520f041e:   00 00 4c 8b 75 10 4c 8b 7d 18 4c 8b 65 20 4c 8b 


VM_Operation (0x000000fc5b2ff600): RedefineClasses, mode: safepoint, requested by thread 0x0000021fea65b800, redefining class test.javafx.view.AircraftTableViewController



---------------  P R O C E S S  ---------------

Threads class SMR info:
_java_thread_list=0x0000021ffaf37bd0, length=22, elements={
0x0000021fc1d5e800, 0x0000021fe9936800, 0x0000021fe997a000, 0x0000021fe99d3800,
0x0000021fe99d4800, 0x0000021fe99e5000, 0x0000021fe99eb000, 0x0000021fe99ec000,
0x0000021fe99ed000, 0x0000021fe9a30000, 0x0000021fea65b800, 0x0000021fea6c6000,
0x0000021fea7c4000, 0x0000021fea58a800, 0x0000021fea58e800, 0x0000021fea58f800,
0x0000021fea591000, 0x0000021fea591800, 0x0000021fea590000, 0x0000021fea58c000,
0x0000021fea58d000, 0x0000021fea58d800
}

Java Threads: ( => current thread )
  0x0000021fc1d5e800 JavaThread "main" [_thread_blocked, id=26500, stack(0x000000fc59300000,0x000000fc59400000)]
  0x0000021fe9936800 JavaThread "Reference Handler" daemon [_thread_blocked, id=41824, stack(0x000000fc5a900000,0x000000fc5aa00000)]
  0x0000021fe997a000 JavaThread "Finalizer" daemon [_thread_blocked, id=17696, stack(0x000000fc5aa00000,0x000000fc5ab00000)]
  0x0000021fe99d3800 JavaThread "Signal Dispatcher" daemon [_thread_blocked, id=29200, stack(0x000000fc5ab00000,0x000000fc5ac00000)]
  0x0000021fe99d4800 JavaThread "Attach Listener" daemon [_thread_blocked, id=29544, stack(0x000000fc5ac00000,0x000000fc5ad00000)]
  0x0000021fe99e5000 JavaThread "C2 CompilerThread0" daemon [_thread_blocked, id=41452, stack(0x000000fc5ad00000,0x000000fc5ae00000)]
  0x0000021fe99eb000 JavaThread "C2 CompilerThread1" daemon [_thread_blocked, id=40896, stack(0x000000fc5ae00000,0x000000fc5af00000)]
  0x0000021fe99ec000 JavaThread "C2 CompilerThread2" daemon [_thread_blocked, id=11364, stack(0x000000fc5af00000,0x000000fc5b000000)]
  0x0000021fe99ed000 JavaThread "C1 CompilerThread3" daemon [_thread_blocked, id=23816, stack(0x000000fc5b000000,0x000000fc5b100000)]
  0x0000021fe9a30000 JavaThread "Sweeper thread" daemon [_thread_blocked, id=31168, stack(0x000000fc5b100000,0x000000fc5b200000)]
  0x0000021fea65b800 JavaThread "JDWP Transport Listener: dt_socket" daemon [_thread_blocked, id=44400, stack(0x000000fc5b200000,0x000000fc5b300000)]
  0x0000021fea6c6000 JavaThread "JDWP Event Helper Thread" daemon [_thread_blocked, id=41708, stack(0x000000fc5b300000,0x000000fc5b400000)]
  0x0000021fea7c4000 JavaThread "JDWP Command Reader" daemon [_thread_in_native, id=38484, stack(0x000000fc5b400000,0x000000fc5b500000)]
  0x0000021fea58a800 JavaThread "Common-Cleaner" daemon [_thread_blocked, id=43444, stack(0x000000fc5b500000,0x000000fc5b600000)]
  0x0000021fea58e800 JavaThread "Service Thread" daemon [_thread_blocked, id=43036, stack(0x000000fc5b600000,0x000000fc5b700000)]
  0x0000021fea58f800 JavaThread "QuantumRenderer-0" daemon [_thread_blocked, id=36948, stack(0x000000fc5b800000,0x000000fc5b900000)]
  0x0000021fea591000 JavaThread "InvokeLaterDispatcher" daemon [_thread_blocked, id=27296, stack(0x000000fc5ba00000,0x000000fc5bb00000)]
  0x0000021fea591800 JavaThread "JavaFX Application Thread" [_thread_blocked, id=2204, stack(0x000000fc5bb00000,0x000000fc5bc00000)]
  0x0000021fea590000 JavaThread "Thread-1" daemon [_thread_blocked, id=27440, stack(0x000000fc5be10000,0x000000fc5bf10000)]
  0x0000021fea58c000 JavaThread "JavaFX-Launcher" [_thread_blocked, id=18796, stack(0x000000fc5bf10000,0x000000fc5c010000)]
  0x0000021fea58d000 JavaThread "Java2D Disposer" daemon [_thread_blocked, id=40352, stack(0x000000fc5c010000,0x000000fc5c110000)]
  0x0000021fea58d800 JavaThread "Prism Font Disposer" daemon [_thread_blocked, id=42464, stack(0x000000fc5c110000,0x000000fc5c210000)]

Other Threads:
=>0x0000021fe9971000 VMThread "VM Thread" [stack: 0x000000fc5a800000,0x000000fc5a900000] [id=12244]
  0x0000021fea7fd800 WatcherThread [stack: 0x000000fc5b700000,0x000000fc5b800000] [id=29520]
  0x0000021fc1d7b000 GCTaskThread "GC Thread#0" [stack: 0x000000fc59400000,0x000000fc59500000] [id=35076]
  0x0000021fc1d7d800 GCTaskThread "GC Thread#1" [stack: 0x000000fc59500000,0x000000fc59600000] [id=24292]
  0x0000021fc1d80000 GCTaskThread "GC Thread#2" [stack: 0x000000fc59600000,0x000000fc59700000] [id=20048]
  0x0000021fc1d83800 GCTaskThread "GC Thread#3" [stack: 0x000000fc59700000,0x000000fc59800000] [id=16160]
  0x0000021fc1d85800 GCTaskThread "GC Thread#4" [stack: 0x000000fc59800000,0x000000fc59900000] [id=7300]
  0x0000021fc1d8e000 GCTaskThread "GC Thread#5" [stack: 0x000000fc59900000,0x000000fc59a00000] [id=28800]
  0x0000021fc1d92800 GCTaskThread "GC Thread#6" [stack: 0x000000fc59a00000,0x000000fc59b00000] [id=32892]
  0x0000021fc1d93800 GCTaskThread "GC Thread#7" [stack: 0x000000fc59b00000,0x000000fc59c00000] [id=31200]
  0x0000021fc1e01000 ConcurrentGCThread "G1 Main Marker" [stack: 0x000000fc59c00000,0x000000fc59d00000] [id=44756]
  0x0000021fc1e02800 ConcurrentGCThread "G1 Conc#0" [stack: 0x000000fc59d00000,0x000000fc59e00000] [id=42932]
  0x0000021fc1e0a800 ConcurrentGCThread "G1 Conc#1" [stack: 0x000000fc59e00000,0x000000fc59f00000] [id=18052]
  0x0000021fe6d8e800 ConcurrentGCThread "G1 Refine#0" [stack: 0x000000fc59f00000,0x000000fc5a000000] [id=42828]
  0x0000021fe97d6800 ConcurrentGCThread "G1 Refine#1" [stack: 0x000000fc5a000000,0x000000fc5a100000] [id=34508]
  0x0000021fe97d7000 ConcurrentGCThread "G1 Refine#2" [stack: 0x000000fc5a100000,0x000000fc5a200000] [id=19332]
  0x0000021fe97e0000 ConcurrentGCThread "G1 Refine#3" [stack: 0x000000fc5a200000,0x000000fc5a300000] [id=10036]
  0x0000021fc1e08800 ConcurrentGCThread "G1 Refine#4" [stack: 0x000000fc5a300000,0x000000fc5a400000] [id=6804]
  0x0000021fc1e09800 ConcurrentGCThread "G1 Refine#5" [stack: 0x000000fc5a400000,0x000000fc5a500000] [id=15016]
  0x0000021fc1e0b000 ConcurrentGCThread "G1 Refine#6" [stack: 0x000000fc5a500000,0x000000fc5a600000] [id=2036]
  0x0000021fc1e09000 ConcurrentGCThread "G1 Refine#7" [stack: 0x000000fc5a600000,0x000000fc5a700000] [id=37452]
  0x0000021fe97ee000 ConcurrentGCThread "G1 Young RemSet Sampling" [stack: 0x000000fc5a700000,0x000000fc5a800000] [id=32668]

Threads with active compile tasks:

VM state:at safepoint (normal execution)

VM Mutex/Monitor currently owned by a thread:  ([mutex/lock_event])
[0x0000021fc1d5d080] Threads_lock - owner thread: 0x0000021fe9971000

Heap address: 0x0000000641600000, size: 6122 MB, Compressed Oops mode: Zero based, Oop shift amount: 3
Narrow klass base: 0x0000000000000000, Narrow klass shift: 3
Compressed class space size: 1073741824 Address: 0x00000007c0000000

Heap:
 garbage-first heap   total 393216K, used 47696K [0x0000000641600000, 0x00000007c0000000)
  region size 1024K, 48 young (49152K), 3 survivors (3072K)
 Metaspace       used 19275K, capacity 19861K, committed 20352K, reserved 1067008K
  class space    used 2317K, capacity 2576K, committed 2688K, reserved 1048576K
Heap Regions: E=young(eden), S=young(survivor), O=old, HS=humongous(starts), HC=humongous(continues), CS=collection set, F=free, A=archive, TS=gc time stamp, AC=allocation context, TAMS=top-at-mark-start (previous, next)
|   0|0x0000000641600000, 0x0000000641600000, 0x0000000641700000|  0%| F|  |TS  0|AC  0|TAMS 0x0000000641600000, 0x0000000641600000|
|   1|0x0000000641700000, 0x0000000641700000, 0x0000000641800000|  0%| F|  |TS  0|AC  0|TAMS 0x0000000641700000, 0x0000000641700000|
|   2|0x0000000641800000, 0x0000000641800000, 0x0000000641900000|  0%| F|  |TS  0|AC  0|TAMS 0x0000000641800000, 0x0000000641800000|
|   3|0x0000000641900000, 0x0000000641900000, 0x0000000641a00000|  0%| F|  |TS  0|AC  0|TAMS 0x0000000641900000, 0x0000000641900000|
|   4|0x0000000641a00000, 0x0000000641a00000, 0x0000000641b00000|  0%| F|  |TS  0|AC  0|TAMS 0x0000000641a00000, 0x0000000641a00000|
|   5|0x0000000641b00000, 0x0000000641b00000, 0x0000000641c00000|  0%| F|  |TS  0|AC  0|TAMS 0x0000000641b00000, 0x0000000641b00000|
|   6|0x0000000641c00000, 0x0000000641c00000, 0x0000000641d00000|  0%| F|  |TS  0|AC  0|TAMS 0x0000000641c00000, 0x0000000641c00000|
|   7|0x0000000641d00000, 0x0000000641d00000, 0x0000000641e00000|  0%| F|  |TS  0|AC  0|TAMS 0x0000000641d00000, 0x0000000641d00000|
|   8|0x0000000641e00000, 0x0000000641e00000, 0x0000000641f00000|  0%| F|  |TS  0|AC  0|TAMS 0x0000000641e00000, 0x0000000641e00000|
|   9|0x0000000641f00000, 0x0000000641f00000, 0x0000000642000000|  0%| F|  |TS  0|AC  0|TAMS 0x0000000641f00000, 0x0000000641f00000|
|  10|0x0000000642000000, 0x0000000642000000, 0x0000000642100000|  0%| F|  |TS  0|AC  0|TAMS 0x0000000642000000, 0x0000000642000000|
|  11|0x0000000642100000, 0x0000000642100000, 0x0000000642200000|  0%| F|  |TS  0|AC  0|TAMS 0x0000000642100000, 0x0000000642100000|
|  12|0x0000000642200000, 0x0000000642200000, 0x0000000642300000|  0%| F|  |TS  0|AC  0|TAMS 0x0000000642200000, 0x0000000642200000|
|  13|0x0000000642300000, 0x0000000642300000, 0x0000000642400000|  0%| F|  |TS  0|AC  0|TAMS 0x0000000642300000, 0x0000000642300000|
|  14|0x0000000642400000, 0x0000000642400000, 0x0000000642500000|  0%| F|  |TS  0|AC  0|TAMS 0x0000000642400000, 0x0000000642400000|
|  15|0x0000000642500000, 0x0000000642500000, 0x0000000642600000|  0%| F|  |TS  0|AC  0|TAMS 0x0000000642500000, 0x0000000642500000|
|  16|0x0000000642600000, 0x0000000642600000, 0x0000000642700000|  0%| F|  |TS  0|AC  0|TAMS 0x0000000642600000, 0x0000000642600000|
|  17|0x0000000642700000, 0x0000000642700000, 0x0000000642800000|  0%| F|  |TS  0|AC  0|TAMS 0x0000000642700000, 0x0000000642700000|
|  18|0x0000000642800000, 0x0000000642800000, 0x0000000642900000|  0%| F|  |TS  0|AC  0|TAMS 0x0000000642800000, 0x0000000642800000|
|  19|0x0000000642900000, 0x0000000642900000, 0x0000000642a00000|  0%| F|  |TS  0|AC  0|TAMS 0x0000000642900000, 0x0000000642900000|
|  20|0x0000000642a00000, 0x0000000642a00000, 0x0000000642b00000|  0%| F|  |TS  0|AC  0|TAMS 0x0000000642a00000, 0x0000000642a00000|
|  21|0x0000000642b00000, 0x0000000642b00000, 0x0000000642c00000|  0%| F|  |TS  0|AC  0|TAMS 0x0000000642b00000, 0x0000000642b00000|
|  22|0x0000000642c00000, 0x0000000642c00000, 0x0000000642d00000|  0%| F|  |TS  0|AC  0|TAMS 0x0000000642c00000, 0x0000000642c00000|
|  23|0x0000000642d00000, 0x0000000642d00000, 0x0000000642e00000|  0%| F|  |TS  0|AC  0|TAMS 0x0000000642d00000, 0x0000000642d00000|
|  24|0x0000000642e00000, 0x0000000642e00000, 0x0000000642f00000|  0%| F|  |TS  0|AC  0|TAMS 0x0000000642e00000, 0x0000000642e00000|
|  25|0x0000000642f00000, 0x0000000642f00000, 0x0000000643000000|  0%| F|  |TS  0|AC  0|TAMS 0x0000000642f00000, 0x0000000642f00000|
|  26|0x0000000643000000, 0x0000000643000000, 0x0000000643100000|  0%| F|  |TS  0|AC  0|TAMS 0x0000000643000000, 0x0000000643000000|
|  27|0x0000000643100000, 0x0000000643100000, 0x0000000643200000|  0%| F|  |TS  0|AC  0|TAMS 0x0000000643100000, 0x0000000643100000|
|  28|0x0000000643200000, 0x0000000643200000, 0x0000000643300000|  0%| F|  |TS  0|AC  0|TAMS 0x0000000643200000, 0x0000000643200000|
|  29|0x0000000643300000, 0x0000000643300000, 0x0000000643400000|  0%| F|  |TS  0|AC  0|TAMS 0x0000000643300000, 0x0000000643300000|
|  30|0x0000000643400000, 0x0000000643400000, 0x0000000643500000|  0%| F|  |TS  0|AC  0|TAMS 0x0000000643400000, 0x0000000643400000|
|  31|0x0000000643500000, 0x0000000643500000, 0x0000000643600000|  0%| F|  |TS  0|AC  0|TAMS 0x0000000643500000, 0x0000000643500000|
|  32|0x0000000643600000, 0x0000000643600000, 0x0000000643700000|  0%| F|  |TS  0|AC  0|TAMS 0x0000000643600000, 0x0000000643600000|
|  33|0x0000000643700000, 0x0000000643700000, 0x0000000643800000|  0%| F|  |TS  0|AC  0|TAMS 0x0000000643700000, 0x0000000643700000|
|  34|0x0000000643800000, 0x0000000643800000, 0x0000000643900000|  0%| F|  |TS  0|AC  0|TAMS 0x0000000643800000, 0x0000000643800000|
|  35|0x0000000643900000, 0x0000000643900000, 0x0000000643a00000|  0%| F|  |TS  0|AC  0|TAMS 0x0000000643900000, 0x0000000643900000|
|  36|0x0000000643a00000, 0x0000000643a00000, 0x0000000643b00000|  0%| F|  |TS  0|AC  0|TAMS 0x0000000643a00000, 0x0000000643a00000|
|  37|0x0000000643b00000, 0x0000000643b00000, 0x0000000643c00000|  0%| F|  |TS  0|AC  0|TAMS 0x0000000643b00000, 0x0000000643b00000|
|  38|0x0000000643c00000, 0x0000000643c00000, 0x0000000643d00000|  0%| F|  |TS  0|AC  0|TAMS 0x0000000643c00000, 0x0000000643c00000|
|  39|0x0000000643d00000, 0x0000000643d00000, 0x0000000643e00000|  0%| F|  |TS  0|AC  0|TAMS 0x0000000643d00000, 0x0000000643d00000|
|  40|0x0000000643e00000, 0x0000000643e00000, 0x0000000643f00000|  0%| F|  |TS  0|AC  0|TAMS 0x0000000643e00000, 0x0000000643e00000|
|  41|0x0000000643f00000, 0x0000000643f00000, 0x0000000644000000|  0%| F|  |TS  0|AC  0|TAMS 0x0000000643f00000, 0x0000000643f00000|
|  42|0x0000000644000000, 0x0000000644000000, 0x0000000644100000|  0%| F|  |TS  0|AC  0|TAMS 0x0000000644000000, 0x0000000644000000|
|  43|0x0000000644100000, 0x0000000644100000, 0x0000000644200000|  0%| F|  |TS  0|AC  0|TAMS 0x0000000644100000, 0x0000000644100000|
|  44|0x0000000644200000, 0x0000000644200000, 0x0000000644300000|  0%| F|  |TS  0|AC  0|TAMS 0x0000000644200000, 0x0000000644200000|
|  45|0x0000000644300000, 0x0000000644300000, 0x0000000644400000|  0%| F|  |TS  0|AC  0|TAMS 0x0000000644300000, 0x0000000644300000|
|  46|0x0000000644400000, 0x0000000644400000, 0x0000000644500000|  0%| F|  |TS  0|AC  0|TAMS 0x0000000644400000, 0x0000000644400000|
|  47|0x0000000644500000, 0x0000000644500000, 0x0000000644600000|  0%| F|  |TS  0|AC  0|TAMS 0x0000000644500000, 0x0000000644500000|
|  48|0x0000000644600000, 0x0000000644600000, 0x0000000644700000|  0%| F|  |TS  0|AC  0|TAMS 0x0000000644600000, 0x0000000644600000|
|  49|0x0000000644700000, 0x0000000644700000, 0x0000000644800000|  0%| F|  |TS  0|AC  0|TAMS 0x0000000644700000, 0x0000000644700000|
|  50|0x0000000644800000, 0x0000000644800000, 0x0000000644900000|  0%| F|  |TS  0|AC  0|TAMS 0x0000000644800000, 0x0000000644800000|
|  51|0x0000000644900000, 0x0000000644900000, 0x0000000644a00000|  0%| F|  |TS  0|AC  0|TAMS 0x0000000644900000, 0x0000000644900000|
|  52|0x0000000644a00000, 0x0000000644a00000, 0x0000000644b00000|  0%| F|  |TS  0|AC  0|TAMS 0x0000000644a00000, 0x0000000644a00000|
|  53|0x0000000644b00000, 0x0000000644b00000, 0x0000000644c00000|  0%| F|  |TS  0|AC  0|TAMS 0x0000000644b00000, 0x0000000644b00000|
|  54|0x0000000644c00000, 0x0000000644c00000, 0x0000000644d00000|  0%| F|  |TS  0|AC  0|TAMS 0x0000000644c00000, 0x0000000644c00000|
|  55|0x0000000644d00000, 0x0000000644d00000, 0x0000000644e00000|  0%| F|  |TS  0|AC  0|TAMS 0x0000000644d00000, 0x0000000644d00000|
|  56|0x0000000644e00000, 0x0000000644e00000, 0x0000000644f00000|  0%| F|  |TS  0|AC  0|TAMS 0x0000000644e00000, 0x0000000644e00000|
|  57|0x0000000644f00000, 0x0000000644f00000, 0x0000000645000000|  0%| F|  |TS  0|AC  0|TAMS 0x0000000644f00000, 0x0000000644f00000|
|  58|0x0000000645000000, 0x0000000645000000, 0x0000000645100000|  0%| F|  |TS  0|AC  0|TAMS 0x0000000645000000, 0x0000000645000000|
|  59|0x0000000645100000, 0x0000000645100000, 0x0000000645200000|  0%| F|  |TS  0|AC  0|TAMS 0x0000000645100000, 0x0000000645100000|
|  60|0x0000000645200000, 0x0000000645200000, 0x0000000645300000|  0%| F|  |TS  0|AC  0|TAMS 0x0000000645200000, 0x0000000645200000|
|  61|0x0000000645300000, 0x0000000645300000, 0x0000000645400000|  0%| F|  |TS  0|AC  0|TAMS 0x0000000645300000, 0x0000000645300000|
|  62|0x0000000645400000, 0x0000000645400000, 0x0000000645500000|  0%| F|  |TS  0|AC  0|TAMS 0x0000000645400000, 0x0000000645400000|
|  63|0x0000000645500000, 0x0000000645500000, 0x0000000645600000|  0%| F|  |TS  0|AC  0|TAMS 0x0000000645500000, 0x0000000645500000|
|  64|0x0000000645600000, 0x0000000645600000, 0x0000000645700000|  0%| F|  |TS  0|AC  0|TAMS 0x0000000645600000, 0x0000000645600000|
|  65|0x0000000645700000, 0x0000000645700000, 0x0000000645800000|  0%| F|  |TS  0|AC  0|TAMS 0x0000000645700000, 0x0000000645700000|
|  66|0x0000000645800000, 0x0000000645800000, 0x0000000645900000|  0%| F|  |TS  0|AC  0|TAMS 0x0000000645800000, 0x0000000645800000|
|  67|0x0000000645900000, 0x0000000645900000, 0x0000000645a00000|  0%| F|  |TS  0|AC  0|TAMS 0x0000000645900000, 0x0000000645900000|
|  68|0x0000000645a00000, 0x0000000645a00000, 0x0000000645b00000|  0%| F|  |TS  0|AC  0|TAMS 0x0000000645a00000, 0x0000000645a00000|
|  69|0x0000000645b00000, 0x0000000645b00000, 0x0000000645c00000|  0%| F|  |TS  0|AC  0|TAMS 0x0000000645b00000, 0x0000000645b00000|
|  70|0x0000000645c00000, 0x0000000645c00000, 0x0000000645d00000|  0%| F|  |TS  0|AC  0|TAMS 0x0000000645c00000, 0x0000000645c00000|
|  71|0x0000000645d00000, 0x0000000645d00000, 0x0000000645e00000|  0%| F|  |TS  0|AC  0|TAMS 0x0000000645d00000, 0x0000000645d00000|
|  72|0x0000000645e00000, 0x0000000645e00000, 0x0000000645f00000|  0%| F|  |TS  0|AC  0|TAMS 0x0000000645e00000, 0x0000000645e00000|
|  73|0x0000000645f00000, 0x0000000645f00000, 0x0000000646000000|  0%| F|  |TS  0|AC  0|TAMS 0x0000000645f00000, 0x0000000645f00000|
|  74|0x0000000646000000, 0x0000000646000000, 0x0000000646100000|  0%| F|  |TS  0|AC  0|TAMS 0x0000000646000000, 0x0000000646000000|
|  75|0x0000000646100000, 0x0000000646100000, 0x0000000646200000|  0%| F|  |TS  0|AC  0|TAMS 0x0000000646100000, 0x0000000646100000|
|  76|0x0000000646200000, 0x0000000646200000, 0x0000000646300000|  0%| F|  |TS  0|AC  0|TAMS 0x0000000646200000, 0x0000000646200000|
|  77|0x0000000646300000, 0x0000000646300000, 0x0000000646400000|  0%| F|  |TS  0|AC  0|TAMS 0x0000000646300000, 0x0000000646300000|
|  78|0x0000000646400000, 0x0000000646400000, 0x0000000646500000|  0%| F|  |TS  0|AC  0|TAMS 0x0000000646400000, 0x0000000646400000|
|  79|0x0000000646500000, 0x0000000646500000, 0x0000000646600000|  0%| F|  |TS  0|AC  0|TAMS 0x0000000646500000, 0x0000000646500000|
|  80|0x0000000646600000, 0x0000000646600000, 0x0000000646700000|  0%| F|  |TS  0|AC  0|TAMS 0x0000000646600000, 0x0000000646600000|
|  81|0x0000000646700000, 0x0000000646700000, 0x0000000646800000|  0%| F|  |TS  0|AC  0|TAMS 0x0000000646700000, 0x0000000646700000|
|  82|0x0000000646800000, 0x0000000646800000, 0x0000000646900000|  0%| F|  |TS  0|AC  0|TAMS 0x0000000646800000, 0x0000000646800000|
|  83|0x0000000646900000, 0x0000000646900000, 0x0000000646a00000|  0%| F|  |TS  0|AC  0|TAMS 0x0000000646900000, 0x0000000646900000|
|  84|0x0000000646a00000, 0x0000000646a00000, 0x0000000646b00000|  0%| F|  |TS  0|AC  0|TAMS 0x0000000646a00000, 0x0000000646a00000|
|  85|0x0000000646b00000, 0x0000000646b00000, 0x0000000646c00000|  0%| F|  |TS  0|AC  0|TAMS 0x0000000646b00000, 0x0000000646b00000|
|  86|0x0000000646c00000, 0x0000000646c00000, 0x0000000646d00000|  0%| F|  |TS  0|AC  0|TAMS 0x0000000646c00000, 0x0000000646c00000|
|  87|0x0000000646d00000, 0x0000000646d00000, 0x0000000646e00000|  0%| F|  |TS  0|AC  0|TAMS 0x0000000646d00000, 0x0000000646d00000|
|  88|0x0000000646e00000, 0x0000000646e00000, 0x0000000646f00000|  0%| F|  |TS  0|AC  0|TAMS 0x0000000646e00000, 0x0000000646e00000|
|  89|0x0000000646f00000, 0x0000000646f00000, 0x0000000647000000|  0%| F|  |TS  0|AC  0|TAMS 0x0000000646f00000, 0x0000000646f00000|
|  90|0x0000000647000000, 0x0000000647000000, 0x0000000647100000|  0%| F|  |TS  0|AC  0|TAMS 0x0000000647000000, 0x0000000647000000|
|  91|0x0000000647100000, 0x0000000647100000, 0x0000000647200000|  0%| F|  |TS  0|AC  0|TAMS 0x0000000647100000, 0x0000000647100000|
|  92|0x0000000647200000, 0x0000000647200000, 0x0000000647300000|  0%| F|  |TS  0|AC  0|TAMS 0x0000000647200000, 0x0000000647200000|
|  93|0x0000000647300000, 0x0000000647300000, 0x0000000647400000|  0%| F|  |TS  0|AC  0|TAMS 0x0000000647300000, 0x0000000647300000|
|  94|0x0000000647400000, 0x0000000647400000, 0x0000000647500000|  0%| F|  |TS  0|AC  0|TAMS 0x0000000647400000, 0x0000000647400000|
|  95|0x0000000647500000, 0x0000000647500000, 0x0000000647600000|  0%| F|  |TS  0|AC  0|TAMS 0x0000000647500000, 0x0000000647500000|
|  96|0x0000000647600000, 0x0000000647600000, 0x0000000647700000|  0%| F|  |TS  0|AC  0|TAMS 0x0000000647600000, 0x0000000647600000|
|  97|0x0000000647700000, 0x0000000647700000, 0x0000000647800000|  0%| F|  |TS  0|AC  0|TAMS 0x0000000647700000, 0x0000000647700000|
|  98|0x0000000647800000, 0x0000000647800000, 0x0000000647900000|  0%| F|  |TS  0|AC  0|TAMS 0x0000000647800000, 0x0000000647800000|
|  99|0x0000000647900000, 0x0000000647900000, 0x0000000647a00000|  0%| F|  |TS  0|AC  0|TAMS 0x0000000647900000, 0x0000000647900000|
| 100|0x0000000647a00000, 0x0000000647a00000, 0x0000000647b00000|  0%| F|  |TS  0|AC  0|TAMS 0x0000000647a00000, 0x0000000647a00000|
| 101|0x0000000647b00000, 0x0000000647b00000, 0x0000000647c00000|  0%| F|  |TS  0|AC  0|TAMS 0x0000000647b00000, 0x0000000647b00000|
| 102|0x0000000647c00000, 0x0000000647c00000, 0x0000000647d00000|  0%| F|  |TS  0|AC  0|TAMS 0x0000000647c00000, 0x0000000647c00000|
| 103|0x0000000647d00000, 0x0000000647d00000, 0x0000000647e00000|  0%| F|  |TS  0|AC  0|TAMS 0x0000000647d00000, 0x0000000647d00000|
| 104|0x0000000647e00000, 0x0000000647e00000, 0x0000000647f00000|  0%| F|  |TS  0|AC  0|TAMS 0x0000000647e00000, 0x0000000647e00000|
| 105|0x0000000647f00000, 0x0000000647f00000, 0x0000000648000000|  0%| F|  |TS  0|AC  0|TAMS 0x0000000647f00000, 0x0000000647f00000|
| 106|0x0000000648000000, 0x0000000648000000, 0x0000000648100000|  0%| F|  |TS  0|AC  0|TAMS 0x0000000648000000, 0x0000000648000000|
| 107|0x0000000648100000, 0x0000000648100000, 0x0000000648200000|  0%| F|  |TS  0|AC  0|TAMS 0x0000000648100000, 0x0000000648100000|
| 108|0x0000000648200000, 0x0000000648200000, 0x0000000648300000|  0%| F|  |TS  0|AC  0|TAMS 0x0000000648200000, 0x0000000648200000|
| 109|0x0000000648300000, 0x0000000648300000, 0x0000000648400000|  0%| F|  |TS  0|AC  0|TAMS 0x0000000648300000, 0x0000000648300000|
| 110|0x0000000648400000, 0x0000000648400000, 0x0000000648500000|  0%| F|  |TS  0|AC  0|TAMS 0x0000000648400000, 0x0000000648400000|
| 111|0x0000000648500000, 0x0000000648500000, 0x0000000648600000|  0%| F|  |TS  0|AC  0|TAMS 0x0000000648500000, 0x0000000648500000|
| 112|0x0000000648600000, 0x0000000648600000, 0x0000000648700000|  0%| F|  |TS  0|AC  0|TAMS 0x0000000648600000, 0x0000000648600000|
| 113|0x0000000648700000, 0x0000000648700000, 0x0000000648800000|  0%| F|  |TS  0|AC  0|TAMS 0x0000000648700000, 0x0000000648700000|
| 114|0x0000000648800000, 0x0000000648800000, 0x0000000648900000|  0%| F|  |TS  0|AC  0|TAMS 0x0000000648800000, 0x0000000648800000|
| 115|0x0000000648900000, 0x0000000648900000, 0x0000000648a00000|  0%| F|  |TS  0|AC  0|TAMS 0x0000000648900000, 0x0000000648900000|
| 116|0x0000000648a00000, 0x0000000648a00000, 0x0000000648b00000|  0%| F|  |TS  0|AC  0|TAMS 0x0000000648a00000, 0x0000000648a00000|
| 117|0x0000000648b00000, 0x0000000648b00000, 0x0000000648c00000|  0%| F|  |TS  0|AC  0|TAMS 0x0000000648b00000, 0x0000000648b00000|
| 118|0x0000000648c00000, 0x0000000648c00000, 0x0000000648d00000|  0%| F|  |TS  0|AC  0|TAMS 0x0000000648c00000, 0x0000000648c00000|
| 119|0x0000000648d00000, 0x0000000648d00000, 0x0000000648e00000|  0%| F|  |TS  0|AC  0|TAMS 0x0000000648d00000, 0x0000000648d00000|
| 120|0x0000000648e00000, 0x0000000648e00000, 0x0000000648f00000|  0%| F|  |TS  0|AC  0|TAMS 0x0000000648e00000, 0x0000000648e00000|
| 121|0x0000000648f00000, 0x0000000648f00000, 0x0000000649000000|  0%| F|  |TS  0|AC  0|TAMS 0x0000000648f00000, 0x0000000648f00000|
| 122|0x0000000649000000, 0x0000000649000000, 0x0000000649100000|  0%| F|  |TS  0|AC  0|TAMS 0x0000000649000000, 0x0000000649000000|
| 123|0x0000000649100000, 0x0000000649100000, 0x0000000649200000|  0%| F|  |TS  0|AC  0|TAMS 0x0000000649100000, 0x0000000649100000|
| 124|0x0000000649200000, 0x0000000649200000, 0x0000000649300000|  0%| F|  |TS  0|AC  0|TAMS 0x0000000649200000, 0x0000000649200000|
| 125|0x0000000649300000, 0x0000000649300000, 0x0000000649400000|  0%| F|  |TS  0|AC  0|TAMS 0x0000000649300000, 0x0000000649300000|
| 126|0x0000000649400000, 0x0000000649400000, 0x0000000649500000|  0%| F|  |TS  0|AC  0|TAMS 0x0000000649400000, 0x0000000649400000|
| 127|0x0000000649500000, 0x0000000649500000, 0x0000000649600000|  0%| F|  |TS  0|AC  0|TAMS 0x0000000649500000, 0x0000000649500000|
| 128|0x0000000649600000, 0x0000000649600000, 0x0000000649700000|  0%| F|  |TS  0|AC  0|TAMS 0x0000000649600000, 0x0000000649600000|
| 129|0x0000000649700000, 0x0000000649700000, 0x0000000649800000|  0%| F|  |TS  0|AC  0|TAMS 0x0000000649700000, 0x0000000649700000|
| 130|0x0000000649800000, 0x0000000649800000, 0x0000000649900000|  0%| F|  |TS  0|AC  0|TAMS 0x0000000649800000, 0x0000000649800000|
| 131|0x0000000649900000, 0x0000000649900000, 0x0000000649a00000|  0%| F|  |TS  0|AC  0|TAMS 0x0000000649900000, 0x0000000649900000|
| 132|0x0000000649a00000, 0x0000000649a00000, 0x0000000649b00000|  0%| F|  |TS  0|AC  0|TAMS 0x0000000649a00000, 0x0000000649a00000|
| 133|0x0000000649b00000, 0x0000000649b00000, 0x0000000649c00000|  0%| F|  |TS  0|AC  0|TAMS 0x0000000649b00000, 0x0000000649b00000|
| 134|0x0000000649c00000, 0x0000000649c00000, 0x0000000649d00000|  0%| F|  |TS  0|AC  0|TAMS 0x0000000649c00000, 0x0000000649c00000|
| 135|0x0000000649d00000, 0x0000000649d00000, 0x0000000649e00000|  0%| F|  |TS  0|AC  0|TAMS 0x0000000649d00000, 0x0000000649d00000|
| 136|0x0000000649e00000, 0x0000000649e00000, 0x0000000649f00000|  0%| F|  |TS  0|AC  0|TAMS 0x0000000649e00000, 0x0000000649e00000|
| 137|0x0000000649f00000, 0x0000000649f00000, 0x000000064a000000|  0%| F|  |TS  0|AC  0|TAMS 0x0000000649f00000, 0x0000000649f00000|
| 138|0x000000064a000000, 0x000000064a000000, 0x000000064a100000|  0%| F|  |TS  0|AC  0|TAMS 0x000000064a000000, 0x000000064a000000|
| 139|0x000000064a100000, 0x000000064a100000, 0x000000064a200000|  0%| F|  |TS  0|AC  0|TAMS 0x000000064a100000, 0x000000064a100000|
| 140|0x000000064a200000, 0x000000064a200000, 0x000000064a300000|  0%| F|  |TS  0|AC  0|TAMS 0x000000064a200000, 0x000000064a200000|
| 141|0x000000064a300000, 0x000000064a300000, 0x000000064a400000|  0%| F|  |TS  0|AC  0|TAMS 0x000000064a300000, 0x000000064a300000|
| 142|0x000000064a400000, 0x000000064a400000, 0x000000064a500000|  0%| F|  |TS  0|AC  0|TAMS 0x000000064a400000, 0x000000064a400000|
| 143|0x000000064a500000, 0x000000064a500000, 0x000000064a600000|  0%| F|  |TS  0|AC  0|TAMS 0x000000064a500000, 0x000000064a500000|
| 144|0x000000064a600000, 0x000000064a600000, 0x000000064a700000|  0%| F|  |TS  0|AC  0|TAMS 0x000000064a600000, 0x000000064a600000|
| 145|0x000000064a700000, 0x000000064a700000, 0x000000064a800000|  0%| F|  |TS  0|AC  0|TAMS 0x000000064a700000, 0x000000064a700000|
| 146|0x000000064a800000, 0x000000064a800000, 0x000000064a900000|  0%| F|  |TS  0|AC  0|TAMS 0x000000064a800000, 0x000000064a800000|
| 147|0x000000064a900000, 0x000000064a900000, 0x000000064aa00000|  0%| F|  |TS  0|AC  0|TAMS 0x000000064a900000, 0x000000064a900000|
| 148|0x000000064aa00000, 0x000000064aa00000, 0x000000064ab00000|  0%| F|  |TS  0|AC  0|TAMS 0x000000064aa00000, 0x000000064aa00000|
| 149|0x000000064ab00000, 0x000000064ab00000, 0x000000064ac00000|  0%| F|  |TS  0|AC  0|TAMS 0x000000064ab00000, 0x000000064ab00000|
| 150|0x000000064ac00000, 0x000000064ac00000, 0x000000064ad00000|  0%| F|  |TS  0|AC  0|TAMS 0x000000064ac00000, 0x000000064ac00000|
| 151|0x000000064ad00000, 0x000000064ad00000, 0x000000064ae00000|  0%| F|  |TS  0|AC  0|TAMS 0x000000064ad00000, 0x000000064ad00000|
| 152|0x000000064ae00000, 0x000000064ae00000, 0x000000064af00000|  0%| F|  |TS  0|AC  0|TAMS 0x000000064ae00000, 0x000000064ae00000|
| 153|0x000000064af00000, 0x000000064af00000, 0x000000064b000000|  0%| F|  |TS  0|AC  0|TAMS 0x000000064af00000, 0x000000064af00000|
| 154|0x000000064b000000, 0x000000064b000000, 0x000000064b100000|  0%| F|  |TS  0|AC  0|TAMS 0x000000064b000000, 0x000000064b000000|
| 155|0x000000064b100000, 0x000000064b100000, 0x000000064b200000|  0%| F|  |TS  0|AC  0|TAMS 0x000000064b100000, 0x000000064b100000|
| 156|0x000000064b200000, 0x000000064b200000, 0x000000064b300000|  0%| F|  |TS  0|AC  0|TAMS 0x000000064b200000, 0x000000064b200000|
| 157|0x000000064b300000, 0x000000064b300000, 0x000000064b400000|  0%| F|  |TS  0|AC  0|TAMS 0x000000064b300000, 0x000000064b300000|
| 158|0x000000064b400000, 0x000000064b400000, 0x000000064b500000|  0%| F|  |TS  0|AC  0|TAMS 0x000000064b400000, 0x000000064b400000|
| 159|0x000000064b500000, 0x000000064b500000, 0x000000064b600000|  0%| F|  |TS  0|AC  0|TAMS 0x000000064b500000, 0x000000064b500000|
| 160|0x000000064b600000, 0x000000064b600000, 0x000000064b700000|  0%| F|  |TS  0|AC  0|TAMS 0x000000064b600000, 0x000000064b600000|
| 161|0x000000064b700000, 0x000000064b700000, 0x000000064b800000|  0%| F|  |TS  0|AC  0|TAMS 0x000000064b700000, 0x000000064b700000|
| 162|0x000000064b800000, 0x000000064b800000, 0x000000064b900000|  0%| F|  |TS  0|AC  0|TAMS 0x000000064b800000, 0x000000064b800000|
| 163|0x000000064b900000, 0x000000064b900000, 0x000000064ba00000|  0%| F|  |TS  0|AC  0|TAMS 0x000000064b900000, 0x000000064b900000|
| 164|0x000000064ba00000, 0x000000064ba00000, 0x000000064bb00000|  0%| F|  |TS  0|AC  0|TAMS 0x000000064ba00000, 0x000000064ba00000|
| 165|0x000000064bb00000, 0x000000064bb00000, 0x000000064bc00000|  0%| F|  |TS  0|AC  0|TAMS 0x000000064bb00000, 0x000000064bb00000|
| 166|0x000000064bc00000, 0x000000064bc00000, 0x000000064bd00000|  0%| F|  |TS  0|AC  0|TAMS 0x000000064bc00000, 0x000000064bc00000|
| 167|0x000000064bd00000, 0x000000064bd00000, 0x000000064be00000|  0%| F|  |TS  0|AC  0|TAMS 0x000000064bd00000, 0x000000064bd00000|
| 168|0x000000064be00000, 0x000000064be00000, 0x000000064bf00000|  0%| F|  |TS  0|AC  0|TAMS 0x000000064be00000, 0x000000064be00000|
| 169|0x000000064bf00000, 0x000000064bf00000, 0x000000064c000000|  0%| F|  |TS  0|AC  0|TAMS 0x000000064bf00000, 0x000000064bf00000|
| 170|0x000000064c000000, 0x000000064c000000, 0x000000064c100000|  0%| F|  |TS  0|AC  0|TAMS 0x000000064c000000, 0x000000064c000000|
| 171|0x000000064c100000, 0x000000064c100000, 0x000000064c200000|  0%| F|  |TS  0|AC  0|TAMS 0x000000064c100000, 0x000000064c100000|
| 172|0x000000064c200000, 0x000000064c200000, 0x000000064c300000|  0%| F|  |TS  0|AC  0|TAMS 0x000000064c200000, 0x000000064c200000|
| 173|0x000000064c300000, 0x000000064c300000, 0x000000064c400000|  0%| F|  |TS  0|AC  0|TAMS 0x000000064c300000, 0x000000064c300000|
| 174|0x000000064c400000, 0x000000064c400000, 0x000000064c500000|  0%| F|  |TS  0|AC  0|TAMS 0x000000064c400000, 0x000000064c400000|
| 175|0x000000064c500000, 0x000000064c500000, 0x000000064c600000|  0%| F|  |TS  0|AC  0|TAMS 0x000000064c500000, 0x000000064c500000|
| 176|0x000000064c600000, 0x000000064c600000, 0x000000064c700000|  0%| F|  |TS  0|AC  0|TAMS 0x000000064c600000, 0x000000064c600000|
| 177|0x000000064c700000, 0x000000064c700000, 0x000000064c800000|  0%| F|  |TS  0|AC  0|TAMS 0x000000064c700000, 0x000000064c700000|
| 178|0x000000064c800000, 0x000000064c800000, 0x000000064c900000|  0%| F|  |TS  0|AC  0|TAMS 0x000000064c800000, 0x000000064c800000|
| 179|0x000000064c900000, 0x000000064c900000, 0x000000064ca00000|  0%| F|  |TS  0|AC  0|TAMS 0x000000064c900000, 0x000000064c900000|
| 180|0x000000064ca00000, 0x000000064ca00000, 0x000000064cb00000|  0%| F|  |TS  0|AC  0|TAMS 0x000000064ca00000, 0x000000064ca00000|
| 181|0x000000064cb00000, 0x000000064cb00000, 0x000000064cc00000|  0%| F|  |TS  0|AC  0|TAMS 0x000000064cb00000, 0x000000064cb00000|
| 182|0x000000064cc00000, 0x000000064cc00000, 0x000000064cd00000|  0%| F|  |TS  0|AC  0|TAMS 0x000000064cc00000, 0x000000064cc00000|
| 183|0x000000064cd00000, 0x000000064cd00000, 0x000000064ce00000|  0%| F|  |TS  0|AC  0|TAMS 0x000000064cd00000, 0x000000064cd00000|
| 184|0x000000064ce00000, 0x000000064ce00000, 0x000000064cf00000|  0%| F|  |TS  0|AC  0|TAMS 0x000000064ce00000, 0x000000064ce00000|
| 185|0x000000064cf00000, 0x000000064cf00000, 0x000000064d000000|  0%| F|  |TS  0|AC  0|TAMS 0x000000064cf00000, 0x000000064cf00000|
| 186|0x000000064d000000, 0x000000064d000000, 0x000000064d100000|  0%| F|  |TS  0|AC  0|TAMS 0x000000064d000000, 0x000000064d000000|
| 187|0x000000064d100000, 0x000000064d100000, 0x000000064d200000|  0%| F|  |TS  0|AC  0|TAMS 0x000000064d100000, 0x000000064d100000|
| 188|0x000000064d200000, 0x000000064d200000, 0x000000064d300000|  0%| F|  |TS  0|AC  0|TAMS 0x000000064d200000, 0x000000064d200000|
| 189|0x000000064d300000, 0x000000064d300000, 0x000000064d400000|  0%| F|  |TS  0|AC  0|TAMS 0x000000064d300000, 0x000000064d300000|
| 190|0x000000064d400000, 0x000000064d400000, 0x000000064d500000|  0%| F|  |TS  0|AC  0|TAMS 0x000000064d400000, 0x000000064d400000|
| 191|0x000000064d500000, 0x000000064d500000, 0x000000064d600000|  0%| F|  |TS  0|AC  0|TAMS 0x000000064d500000, 0x000000064d500000|
| 192|0x000000064d600000, 0x000000064d600000, 0x000000064d700000|  0%| F|  |TS  0|AC  0|TAMS 0x000000064d600000, 0x000000064d600000|
| 193|0x000000064d700000, 0x000000064d700000, 0x000000064d800000|  0%| F|  |TS  0|AC  0|TAMS 0x000000064d700000, 0x000000064d700000|
| 194|0x000000064d800000, 0x000000064d800000, 0x000000064d900000|  0%| F|  |TS  0|AC  0|TAMS 0x000000064d800000, 0x000000064d800000|
| 195|0x000000064d900000, 0x000000064d900000, 0x000000064da00000|  0%| F|  |TS  0|AC  0|TAMS 0x000000064d900000, 0x000000064d900000|
| 196|0x000000064da00000, 0x000000064da00000, 0x000000064db00000|  0%| F|  |TS  0|AC  0|TAMS 0x000000064da00000, 0x000000064da00000|
| 197|0x000000064db00000, 0x000000064db00000, 0x000000064dc00000|  0%| F|  |TS  0|AC  0|TAMS 0x000000064db00000, 0x000000064db00000|
| 198|0x000000064dc00000, 0x000000064dc00000, 0x000000064dd00000|  0%| F|  |TS  0|AC  0|TAMS 0x000000064dc00000, 0x000000064dc00000|
| 199|0x000000064dd00000, 0x000000064dd00000, 0x000000064de00000|  0%| F|  |TS  0|AC  0|TAMS 0x000000064dd00000, 0x000000064dd00000|
| 200|0x000000064de00000, 0x000000064de00000, 0x000000064df00000|  0%| F|  |TS  0|AC  0|TAMS 0x000000064de00000, 0x000000064de00000|
| 201|0x000000064df00000, 0x000000064df00000, 0x000000064e000000|  0%| F|  |TS  0|AC  0|TAMS 0x000000064df00000, 0x000000064df00000|
| 202|0x000000064e000000, 0x000000064e000000, 0x000000064e100000|  0%| F|  |TS  0|AC  0|TAMS 0x000000064e000000, 0x000000064e000000|
| 203|0x000000064e100000, 0x000000064e100000, 0x000000064e200000|  0%| F|  |TS  0|AC  0|TAMS 0x000000064e100000, 0x000000064e100000|
| 204|0x000000064e200000, 0x000000064e200000, 0x000000064e300000|  0%| F|  |TS  0|AC  0|TAMS 0x000000064e200000, 0x000000064e200000|
| 205|0x000000064e300000, 0x000000064e300000, 0x000000064e400000|  0%| F|  |TS  0|AC  0|TAMS 0x000000064e300000, 0x000000064e300000|
| 206|0x000000064e400000, 0x000000064e400000, 0x000000064e500000|  0%| F|  |TS  0|AC  0|TAMS 0x000000064e400000, 0x000000064e400000|
| 207|0x000000064e500000, 0x000000064e500000, 0x000000064e600000|  0%| F|  |TS  0|AC  0|TAMS 0x000000064e500000, 0x000000064e500000|
| 208|0x000000064e600000, 0x000000064e600000, 0x000000064e700000|  0%| F|  |TS  0|AC  0|TAMS 0x000000064e600000, 0x000000064e600000|
| 209|0x000000064e700000, 0x000000064e700000, 0x000000064e800000|  0%| F|  |TS  0|AC  0|TAMS 0x000000064e700000, 0x000000064e700000|
| 210|0x000000064e800000, 0x000000064e800000, 0x000000064e900000|  0%| F|  |TS  0|AC  0|TAMS 0x000000064e800000, 0x000000064e800000|
| 211|0x000000064e900000, 0x000000064e900000, 0x000000064ea00000|  0%| F|  |TS  0|AC  0|TAMS 0x000000064e900000, 0x000000064e900000|
| 212|0x000000064ea00000, 0x000000064ea00000, 0x000000064eb00000|  0%| F|  |TS  0|AC  0|TAMS 0x000000064ea00000, 0x000000064ea00000|
| 213|0x000000064eb00000, 0x000000064eb00000, 0x000000064ec00000|  0%| F|  |TS  0|AC  0|TAMS 0x000000064eb00000, 0x000000064eb00000|
| 214|0x000000064ec00000, 0x000000064ec00000, 0x000000064ed00000|  0%| F|  |TS  0|AC  0|TAMS 0x000000064ec00000, 0x000000064ec00000|
| 215|0x000000064ed00000, 0x000000064ed00000, 0x000000064ee00000|  0%| F|  |TS  0|AC  0|TAMS 0x000000064ed00000, 0x000000064ed00000|
| 216|0x000000064ee00000, 0x000000064ee00000, 0x000000064ef00000|  0%| F|  |TS  0|AC  0|TAMS 0x000000064ee00000, 0x000000064ee00000|
| 217|0x000000064ef00000, 0x000000064ef00000, 0x000000064f000000|  0%| F|  |TS  0|AC  0|TAMS 0x000000064ef00000, 0x000000064ef00000|
| 218|0x000000064f000000, 0x000000064f000000, 0x000000064f100000|  0%| F|  |TS  0|AC  0|TAMS 0x000000064f000000, 0x000000064f000000|
| 219|0x000000064f100000, 0x000000064f100000, 0x000000064f200000|  0%| F|  |TS  0|AC  0|TAMS 0x000000064f100000, 0x000000064f100000|
| 220|0x000000064f200000, 0x000000064f200000, 0x000000064f300000|  0%| F|  |TS  0|AC  0|TAMS 0x000000064f200000, 0x000000064f200000|
| 221|0x000000064f300000, 0x000000064f300000, 0x000000064f400000|  0%| F|  |TS  0|AC  0|TAMS 0x000000064f300000, 0x000000064f300000|
| 222|0x000000064f400000, 0x000000064f400000, 0x000000064f500000|  0%| F|  |TS  0|AC  0|TAMS 0x000000064f400000, 0x000000064f400000|
| 223|0x000000064f500000, 0x000000064f500000, 0x000000064f600000|  0%| F|  |TS  0|AC  0|TAMS 0x000000064f500000, 0x000000064f500000|
| 224|0x000000064f600000, 0x000000064f600000, 0x000000064f700000|  0%| F|  |TS  0|AC  0|TAMS 0x000000064f600000, 0x000000064f600000|
| 225|0x000000064f700000, 0x000000064f700000, 0x000000064f800000|  0%| F|  |TS  0|AC  0|TAMS 0x000000064f700000, 0x000000064f700000|
| 226|0x000000064f800000, 0x000000064f800000, 0x000000064f900000|  0%| F|  |TS  0|AC  0|TAMS 0x000000064f800000, 0x000000064f800000|
| 227|0x000000064f900000, 0x000000064f900000, 0x000000064fa00000|  0%| F|  |TS  0|AC  0|TAMS 0x000000064f900000, 0x000000064f900000|
| 228|0x000000064fa00000, 0x000000064fa00000, 0x000000064fb00000|  0%| F|  |TS  0|AC  0|TAMS 0x000000064fa00000, 0x000000064fa00000|
| 229|0x000000064fb00000, 0x000000064fb00000, 0x000000064fc00000|  0%| F|  |TS  0|AC  0|TAMS 0x000000064fb00000, 0x000000064fb00000|
| 230|0x000000064fc00000, 0x000000064fc00000, 0x000000064fd00000|  0%| F|  |TS  0|AC  0|TAMS 0x000000064fc00000, 0x000000064fc00000|
| 231|0x000000064fd00000, 0x000000064fd00000, 0x000000064fe00000|  0%| F|  |TS  0|AC  0|TAMS 0x000000064fd00000, 0x000000064fd00000|
| 232|0x000000064fe00000, 0x000000064fe00000, 0x000000064ff00000|  0%| F|  |TS  0|AC  0|TAMS 0x000000064fe00000, 0x000000064fe00000|
| 233|0x000000064ff00000, 0x000000064ff00000, 0x0000000650000000|  0%| F|  |TS  0|AC  0|TAMS 0x000000064ff00000, 0x000000064ff00000|
| 234|0x0000000650000000, 0x0000000650000000, 0x0000000650100000|  0%| F|  |TS  0|AC  0|TAMS 0x0000000650000000, 0x0000000650000000|
| 235|0x0000000650100000, 0x0000000650100000, 0x0000000650200000|  0%| F|  |TS  0|AC  0|TAMS 0x0000000650100000, 0x0000000650100000|
| 236|0x0000000650200000, 0x0000000650200000, 0x0000000650300000|  0%| F|  |TS  0|AC  0|TAMS 0x0000000650200000, 0x0000000650200000|
| 237|0x0000000650300000, 0x0000000650300000, 0x0000000650400000|  0%| F|  |TS  0|AC  0|TAMS 0x0000000650300000, 0x0000000650300000|
| 238|0x0000000650400000, 0x0000000650400000, 0x0000000650500000|  0%| F|  |TS  0|AC  0|TAMS 0x0000000650400000, 0x0000000650400000|
| 239|0x0000000650500000, 0x0000000650500000, 0x0000000650600000|  0%| F|  |TS  0|AC  0|TAMS 0x0000000650500000, 0x0000000650500000|
| 240|0x0000000650600000, 0x0000000650600000, 0x0000000650700000|  0%| F|  |TS  0|AC  0|TAMS 0x0000000650600000, 0x0000000650600000|
| 241|0x0000000650700000, 0x0000000650700000, 0x0000000650800000|  0%| F|  |TS  0|AC  0|TAMS 0x0000000650700000, 0x0000000650700000|
| 242|0x0000000650800000, 0x0000000650800000, 0x0000000650900000|  0%| F|  |TS  0|AC  0|TAMS 0x0000000650800000, 0x0000000650800000|
| 243|0x0000000650900000, 0x0000000650900000, 0x0000000650a00000|  0%| F|  |TS  0|AC  0|TAMS 0x0000000650900000, 0x0000000650900000|
| 244|0x0000000650a00000, 0x0000000650a00000, 0x0000000650b00000|  0%| F|  |TS  0|AC  0|TAMS 0x0000000650a00000, 0x0000000650a00000|
| 245|0x0000000650b00000, 0x0000000650b00000, 0x0000000650c00000|  0%| F|  |TS  0|AC  0|TAMS 0x0000000650b00000, 0x0000000650b00000|
| 246|0x0000000650c00000, 0x0000000650c00000, 0x0000000650d00000|  0%| F|  |TS  0|AC  0|TAMS 0x0000000650c00000, 0x0000000650c00000|
| 247|0x0000000650d00000, 0x0000000650d00000, 0x0000000650e00000|  0%| F|  |TS  0|AC  0|TAMS 0x0000000650d00000, 0x0000000650d00000|
| 248|0x0000000650e00000, 0x0000000650e00000, 0x0000000650f00000|  0%| F|  |TS  0|AC  0|TAMS 0x0000000650e00000, 0x0000000650e00000|
| 249|0x0000000650f00000, 0x0000000650f00000, 0x0000000651000000|  0%| F|  |TS  0|AC  0|TAMS 0x0000000650f00000, 0x0000000650f00000|
| 250|0x0000000651000000, 0x0000000651000000, 0x0000000651100000|  0%| F|  |TS  0|AC  0|TAMS 0x0000000651000000, 0x0000000651000000|
| 251|0x0000000651100000, 0x0000000651100000, 0x0000000651200000|  0%| F|  |TS  0|AC  0|TAMS 0x0000000651100000, 0x0000000651100000|
| 252|0x0000000651200000, 0x0000000651200000, 0x0000000651300000|  0%| F|  |TS  0|AC  0|TAMS 0x0000000651200000, 0x0000000651200000|
| 253|0x0000000651300000, 0x0000000651300000, 0x0000000651400000|  0%| F|  |TS  0|AC  0|TAMS 0x0000000651300000, 0x0000000651300000|
| 254|0x0000000651400000, 0x0000000651400000, 0x0000000651500000|  0%| F|  |TS  0|AC  0|TAMS 0x0000000651400000, 0x0000000651400000|
| 255|0x0000000651500000, 0x0000000651500000, 0x0000000651600000|  0%| F|  |TS  0|AC  0|TAMS 0x0000000651500000, 0x0000000651500000|
| 256|0x0000000651600000, 0x0000000651600000, 0x0000000651700000|  0%| F|  |TS  0|AC  0|TAMS 0x0000000651600000, 0x0000000651600000|
| 257|0x0000000651700000, 0x0000000651700000, 0x0000000651800000|  0%| F|  |TS  0|AC  0|TAMS 0x0000000651700000, 0x0000000651700000|
| 258|0x0000000651800000, 0x0000000651800000, 0x0000000651900000|  0%| F|  |TS  0|AC  0|TAMS 0x0000000651800000, 0x0000000651800000|
| 259|0x0000000651900000, 0x0000000651900000, 0x0000000651a00000|  0%| F|  |TS  0|AC  0|TAMS 0x0000000651900000, 0x0000000651900000|
| 260|0x0000000651a00000, 0x0000000651a00000, 0x0000000651b00000|  0%| F|  |TS  0|AC  0|TAMS 0x0000000651a00000, 0x0000000651a00000|
| 261|0x0000000651b00000, 0x0000000651b00000, 0x0000000651c00000|  0%| F|  |TS  0|AC  0|TAMS 0x0000000651b00000, 0x0000000651b00000|
| 262|0x0000000651c00000, 0x0000000651c00000, 0x0000000651d00000|  0%| F|  |TS  0|AC  0|TAMS 0x0000000651c00000, 0x0000000651c00000|
| 263|0x0000000651d00000, 0x0000000651d00000, 0x0000000651e00000|  0%| F|  |TS  0|AC  0|TAMS 0x0000000651d00000, 0x0000000651d00000|
| 264|0x0000000651e00000, 0x0000000651e00000, 0x0000000651f00000|  0%| F|  |TS  0|AC  0|TAMS 0x0000000651e00000, 0x0000000651e00000|
| 265|0x0000000651f00000, 0x0000000651f00000, 0x0000000652000000|  0%| F|  |TS  0|AC  0|TAMS 0x0000000651f00000, 0x0000000651f00000|
| 266|0x0000000652000000, 0x0000000652000000, 0x0000000652100000|  0%| F|  |TS  0|AC  0|TAMS 0x0000000652000000, 0x0000000652000000|
| 267|0x0000000652100000, 0x0000000652100000, 0x0000000652200000|  0%| F|  |TS  0|AC  0|TAMS 0x0000000652100000, 0x0000000652100000|
| 268|0x0000000652200000, 0x0000000652200000, 0x0000000652300000|  0%| F|  |TS  0|AC  0|TAMS 0x0000000652200000, 0x0000000652200000|
| 269|0x0000000652300000, 0x0000000652300000, 0x0000000652400000|  0%| F|  |TS  0|AC  0|TAMS 0x0000000652300000, 0x0000000652300000|
| 270|0x0000000652400000, 0x0000000652400000, 0x0000000652500000|  0%| F|  |TS  0|AC  0|TAMS 0x0000000652400000, 0x0000000652400000|
| 271|0x0000000652500000, 0x0000000652500000, 0x0000000652600000|  0%| F|  |TS  0|AC  0|TAMS 0x0000000652500000, 0x0000000652500000|
| 272|0x0000000652600000, 0x0000000652600000, 0x0000000652700000|  0%| F|  |TS  0|AC  0|TAMS 0x0000000652600000, 0x0000000652600000|
| 273|0x0000000652700000, 0x0000000652700000, 0x0000000652800000|  0%| F|  |TS  0|AC  0|TAMS 0x0000000652700000, 0x0000000652700000|
| 274|0x0000000652800000, 0x0000000652800000, 0x0000000652900000|  0%| F|  |TS  0|AC  0|TAMS 0x0000000652800000, 0x0000000652800000|
| 275|0x0000000652900000, 0x0000000652900000, 0x0000000652a00000|  0%| F|  |TS  0|AC  0|TAMS 0x0000000652900000, 0x0000000652900000|
| 276|0x0000000652a00000, 0x0000000652a00000, 0x0000000652b00000|  0%| F|  |TS  0|AC  0|TAMS 0x0000000652a00000, 0x0000000652a00000|
| 277|0x0000000652b00000, 0x0000000652b00000, 0x0000000652c00000|  0%| F|  |TS  0|AC  0|TAMS 0x0000000652b00000, 0x0000000652b00000|
| 278|0x0000000652c00000, 0x0000000652c00000, 0x0000000652d00000|  0%| F|  |TS  0|AC  0|TAMS 0x0000000652c00000, 0x0000000652c00000|
| 279|0x0000000652d00000, 0x0000000652d00000, 0x0000000652e00000|  0%| F|  |TS  0|AC  0|TAMS 0x0000000652d00000, 0x0000000652d00000|
| 280|0x0000000652e00000, 0x0000000652e00000, 0x0000000652f00000|  0%| F|  |TS  0|AC  0|TAMS 0x0000000652e00000, 0x0000000652e00000|
| 281|0x0000000652f00000, 0x0000000652f00000, 0x0000000653000000|  0%| F|  |TS  0|AC  0|TAMS 0x0000000652f00000, 0x0000000652f00000|
| 282|0x0000000653000000, 0x0000000653000000, 0x0000000653100000|  0%| F|  |TS  0|AC  0|TAMS 0x0000000653000000, 0x0000000653000000|
| 283|0x0000000653100000, 0x0000000653100000, 0x0000000653200000|  0%| F|  |TS  0|AC  0|TAMS 0x0000000653100000, 0x0000000653100000|
| 284|0x0000000653200000, 0x0000000653200000, 0x0000000653300000|  0%| F|  |TS  0|AC  0|TAMS 0x0000000653200000, 0x0000000653200000|
| 285|0x0000000653300000, 0x0000000653300000, 0x0000000653400000|  0%| F|  |TS  0|AC  0|TAMS 0x0000000653300000, 0x0000000653300000|
| 286|0x0000000653400000, 0x0000000653400000, 0x0000000653500000|  0%| F|  |TS  0|AC  0|TAMS 0x0000000653400000, 0x0000000653400000|
| 287|0x0000000653500000, 0x0000000653500000, 0x0000000653600000|  0%| F|  |TS  0|AC  0|TAMS 0x0000000653500000, 0x0000000653500000|
| 288|0x0000000653600000, 0x0000000653600000, 0x0000000653700000|  0%| F|  |TS  0|AC  0|TAMS 0x0000000653600000, 0x0000000653600000|
| 289|0x0000000653700000, 0x0000000653700000, 0x0000000653800000|  0%| F|  |TS  0|AC  0|TAMS 0x0000000653700000, 0x0000000653700000|
| 290|0x0000000653800000, 0x0000000653800000, 0x0000000653900000|  0%| F|  |TS  0|AC  0|TAMS 0x0000000653800000, 0x0000000653800000|
| 291|0x0000000653900000, 0x0000000653900000, 0x0000000653a00000|  0%| F|  |TS  0|AC  0|TAMS 0x0000000653900000, 0x0000000653900000|
| 292|0x0000000653a00000, 0x0000000653a00000, 0x0000000653b00000|  0%| F|  |TS  0|AC  0|TAMS 0x0000000653a00000, 0x0000000653a00000|
| 293|0x0000000653b00000, 0x0000000653b00000, 0x0000000653c00000|  0%| F|  |TS  0|AC  0|TAMS 0x0000000653b00000, 0x0000000653b00000|
| 294|0x0000000653c00000, 0x0000000653c00000, 0x0000000653d00000|  0%| F|  |TS  0|AC  0|TAMS 0x0000000653c00000, 0x0000000653c00000|
| 295|0x0000000653d00000, 0x0000000653d00000, 0x0000000653e00000|  0%| F|  |TS  0|AC  0|TAMS 0x0000000653d00000, 0x0000000653d00000|
| 296|0x0000000653e00000, 0x0000000653e00000, 0x0000000653f00000|  0%| F|  |TS  0|AC  0|TAMS 0x0000000653e00000, 0x0000000653e00000|
| 297|0x0000000653f00000, 0x0000000653f00000, 0x0000000654000000|  0%| F|  |TS  0|AC  0|TAMS 0x0000000653f00000, 0x0000000653f00000|
| 298|0x0000000654000000, 0x0000000654000000, 0x0000000654100000|  0%| F|  |TS  0|AC  0|TAMS 0x0000000654000000, 0x0000000654000000|
| 299|0x0000000654100000, 0x0000000654100000, 0x0000000654200000|  0%| F|  |TS  0|AC  0|TAMS 0x0000000654100000, 0x0000000654100000|
| 300|0x0000000654200000, 0x0000000654200000, 0x0000000654300000|  0%| F|  |TS  0|AC  0|TAMS 0x0000000654200000, 0x0000000654200000|
| 301|0x0000000654300000, 0x0000000654300000, 0x0000000654400000|  0%| F|  |TS  0|AC  0|TAMS 0x0000000654300000, 0x0000000654300000|
| 302|0x0000000654400000, 0x0000000654400000, 0x0000000654500000|  0%| F|  |TS  0|AC  0|TAMS 0x0000000654400000, 0x0000000654400000|
| 303|0x0000000654500000, 0x0000000654500000, 0x0000000654600000|  0%| F|  |TS  0|AC  0|TAMS 0x0000000654500000, 0x0000000654500000|
| 304|0x0000000654600000, 0x0000000654600000, 0x0000000654700000|  0%| F|  |TS  0|AC  0|TAMS 0x0000000654600000, 0x0000000654600000|
| 305|0x0000000654700000, 0x0000000654700000, 0x0000000654800000|  0%| F|  |TS  0|AC  0|TAMS 0x0000000654700000, 0x0000000654700000|
| 306|0x0000000654800000, 0x0000000654800000, 0x0000000654900000|  0%| F|  |TS  0|AC  0|TAMS 0x0000000654800000, 0x0000000654800000|
| 307|0x0000000654900000, 0x0000000654900000, 0x0000000654a00000|  0%| F|  |TS  0|AC  0|TAMS 0x0000000654900000, 0x0000000654900000|
| 308|0x0000000654a00000, 0x0000000654a00000, 0x0000000654b00000|  0%| F|  |TS  0|AC  0|TAMS 0x0000000654a00000, 0x0000000654a00000|
| 309|0x0000000654b00000, 0x0000000654b00000, 0x0000000654c00000|  0%| F|  |TS  0|AC  0|TAMS 0x0000000654b00000, 0x0000000654b00000|
| 310|0x0000000654c00000, 0x0000000654c00000, 0x0000000654d00000|  0%| F|  |TS  0|AC  0|TAMS 0x0000000654c00000, 0x0000000654c00000|
| 311|0x0000000654d00000, 0x0000000654d00000, 0x0000000654e00000|  0%| F|  |TS  0|AC  0|TAMS 0x0000000654d00000, 0x0000000654d00000|
| 312|0x0000000654e00000, 0x0000000654e00000, 0x0000000654f00000|  0%| F|  |TS  0|AC  0|TAMS 0x0000000654e00000, 0x0000000654e00000|
| 313|0x0000000654f00000, 0x0000000654f00000, 0x0000000655000000|  0%| F|  |TS  0|AC  0|TAMS 0x0000000654f00000, 0x0000000654f00000|
| 314|0x0000000655000000, 0x0000000655000000, 0x0000000655100000|  0%| F|  |TS  0|AC  0|TAMS 0x0000000655000000, 0x0000000655000000|
| 315|0x0000000655100000, 0x0000000655100000, 0x0000000655200000|  0%| F|  |TS  0|AC  0|TAMS 0x0000000655100000, 0x0000000655100000|
| 316|0x0000000655200000, 0x0000000655200000, 0x0000000655300000|  0%| F|  |TS  0|AC  0|TAMS 0x0000000655200000, 0x0000000655200000|
| 317|0x0000000655300000, 0x0000000655300000, 0x0000000655400000|  0%| F|  |TS  0|AC  0|TAMS 0x0000000655300000, 0x0000000655300000|
| 318|0x0000000655400000, 0x0000000655400000, 0x0000000655500000|  0%| F|  |TS  0|AC  0|TAMS 0x0000000655400000, 0x0000000655400000|
| 319|0x0000000655500000, 0x0000000655500000, 0x0000000655600000|  0%| F|  |TS  0|AC  0|TAMS 0x0000000655500000, 0x0000000655500000|
| 320|0x0000000655600000, 0x0000000655600000, 0x0000000655700000|  0%| F|  |TS  0|AC  0|TAMS 0x0000000655600000, 0x0000000655600000|
| 321|0x0000000655700000, 0x0000000655700000, 0x0000000655800000|  0%| F|  |TS  0|AC  0|TAMS 0x0000000655700000, 0x0000000655700000|
| 322|0x0000000655800000, 0x0000000655800000, 0x0000000655900000|  0%| F|  |TS  0|AC  0|TAMS 0x0000000655800000, 0x0000000655800000|
| 323|0x0000000655900000, 0x0000000655900000, 0x0000000655a00000|  0%| F|  |TS  0|AC  0|TAMS 0x0000000655900000, 0x0000000655900000|
| 324|0x0000000655a00000, 0x0000000655a00000, 0x0000000655b00000|  0%| F|  |TS  0|AC  0|TAMS 0x0000000655a00000, 0x0000000655a00000|
| 325|0x0000000655b00000, 0x0000000655b00000, 0x0000000655c00000|  0%| F|  |TS  0|AC  0|TAMS 0x0000000655b00000, 0x0000000655b00000|
| 326|0x0000000655c00000, 0x0000000655c00000, 0x0000000655d00000|  0%| F|  |TS  0|AC  0|TAMS 0x0000000655c00000, 0x0000000655c00000|
| 327|0x0000000655d00000, 0x0000000655d00000, 0x0000000655e00000|  0%| F|  |TS  0|AC  0|TAMS 0x0000000655d00000, 0x0000000655d00000|
| 328|0x0000000655e00000, 0x0000000655e00000, 0x0000000655f00000|  0%| F|  |TS  0|AC  0|TAMS 0x0000000655e00000, 0x0000000655e00000|
| 329|0x0000000655f00000, 0x0000000655f00000, 0x0000000656000000|  0%| F|  |TS  0|AC  0|TAMS 0x0000000655f00000, 0x0000000655f00000|
| 330|0x0000000656000000, 0x0000000656000000, 0x0000000656100000|  0%| F|  |TS  0|AC  0|TAMS 0x0000000656000000, 0x0000000656000000|
| 331|0x0000000656100000, 0x0000000656100000, 0x0000000656200000|  0%| F|  |TS  0|AC  0|TAMS 0x0000000656100000, 0x0000000656100000|
| 332|0x0000000656200000, 0x0000000656200000, 0x0000000656300000|  0%| F|  |TS  0|AC  0|TAMS 0x0000000656200000, 0x0000000656200000|
| 333|0x0000000656300000, 0x0000000656300000, 0x0000000656400000|  0%| F|  |TS  0|AC  0|TAMS 0x0000000656300000, 0x0000000656300000|
| 334|0x0000000656400000, 0x0000000656400000, 0x0000000656500000|  0%| F|  |TS  0|AC  0|TAMS 0x0000000656400000, 0x0000000656400000|
| 335|0x0000000656500000, 0x0000000656500000, 0x0000000656600000|  0%| F|  |TS  0|AC  0|TAMS 0x0000000656500000, 0x0000000656500000|
| 336|0x0000000656600000, 0x0000000656680800, 0x0000000656700000| 50%| E|  |TS  0|AC  0|TAMS 0x0000000656600000, 0x0000000656600000|
| 337|0x0000000656700000, 0x0000000656800000, 0x0000000656800000|100%| E|CS|TS  0|AC  0|TAMS 0x0000000656700000, 0x0000000656700000|
| 338|0x0000000656800000, 0x0000000656900000, 0x0000000656900000|100%| E|CS|TS  0|AC  0|TAMS 0x0000000656800000, 0x0000000656800000|
| 339|0x0000000656900000, 0x0000000656a00000, 0x0000000656a00000|100%| E|CS|TS  0|AC  0|TAMS 0x0000000656900000, 0x0000000656900000|
| 340|0x0000000656a00000, 0x0000000656b00000, 0x0000000656b00000|100%| E|CS|TS  0|AC  0|TAMS 0x0000000656a00000, 0x0000000656a00000|
| 341|0x0000000656b00000, 0x0000000656c00000, 0x0000000656c00000|100%| E|CS|TS  0|AC  0|TAMS 0x0000000656b00000, 0x0000000656b00000|
| 342|0x0000000656c00000, 0x0000000656d00000, 0x0000000656d00000|100%| E|CS|TS  0|AC  0|TAMS 0x0000000656c00000, 0x0000000656c00000|
| 343|0x0000000656d00000, 0x0000000656e00000, 0x0000000656e00000|100%| E|CS|TS  0|AC  0|TAMS 0x0000000656d00000, 0x0000000656d00000|
| 344|0x0000000656e00000, 0x0000000656f00000, 0x0000000656f00000|100%| E|CS|TS  0|AC  0|TAMS 0x0000000656e00000, 0x0000000656e00000|
| 345|0x0000000656f00000, 0x0000000657000000, 0x0000000657000000|100%| E|CS|TS  0|AC  0|TAMS 0x0000000656f00000, 0x0000000656f00000|
| 346|0x0000000657000000, 0x0000000657100000, 0x0000000657100000|100%| E|CS|TS  0|AC  0|TAMS 0x0000000657000000, 0x0000000657000000|
| 347|0x0000000657100000, 0x0000000657200000, 0x0000000657200000|100%| E|CS|TS  0|AC  0|TAMS 0x0000000657100000, 0x0000000657100000|
| 348|0x0000000657200000, 0x0000000657300000, 0x0000000657300000|100%| E|CS|TS  0|AC  0|TAMS 0x0000000657200000, 0x0000000657200000|
| 349|0x0000000657300000, 0x0000000657400000, 0x0000000657400000|100%| E|CS|TS  0|AC  0|TAMS 0x0000000657300000, 0x0000000657300000|
| 350|0x0000000657400000, 0x0000000657500000, 0x0000000657500000|100%| E|CS|TS  0|AC  0|TAMS 0x0000000657400000, 0x0000000657400000|
| 351|0x0000000657500000, 0x0000000657600000, 0x0000000657600000|100%| E|CS|TS  0|AC  0|TAMS 0x0000000657500000, 0x0000000657500000|
| 352|0x0000000657600000, 0x0000000657700000, 0x0000000657700000|100%| E|CS|TS  0|AC  0|TAMS 0x0000000657600000, 0x0000000657600000|
| 353|0x0000000657700000, 0x0000000657800000, 0x0000000657800000|100%| E|CS|TS  0|AC  0|TAMS 0x0000000657700000, 0x0000000657700000|
| 354|0x0000000657800000, 0x0000000657900000, 0x0000000657900000|100%| E|CS|TS  0|AC  0|TAMS 0x0000000657800000, 0x0000000657800000|
| 355|0x0000000657900000, 0x0000000657a00000, 0x0000000657a00000|100%| E|CS|TS  0|AC  0|TAMS 0x0000000657900000, 0x0000000657900000|
| 356|0x0000000657a00000, 0x0000000657b00000, 0x0000000657b00000|100%| E|CS|TS  0|AC  0|TAMS 0x0000000657a00000, 0x0000000657a00000|
| 357|0x0000000657b00000, 0x0000000657b943e8, 0x0000000657c00000| 57%| S|CS|TS  1|AC  0|TAMS 0x0000000657b00000, 0x0000000657b00000|
| 358|0x0000000657c00000, 0x0000000657d00000, 0x0000000657d00000|100%| S|CS|TS  1|AC  0|TAMS 0x0000000657c00000, 0x0000000657c00000|
| 359|0x0000000657d00000, 0x0000000657e00000, 0x0000000657e00000|100%| S|CS|TS  1|AC  0|TAMS 0x0000000657d00000, 0x0000000657d00000|
| 360|0x0000000657e00000, 0x0000000657f00000, 0x0000000657f00000|100%| E|CS|TS  1|AC  0|TAMS 0x0000000657e00000, 0x0000000657e00000|
| 361|0x0000000657f00000, 0x0000000658000000, 0x0000000658000000|100%| E|CS|TS  1|AC  0|TAMS 0x0000000657f00000, 0x0000000657f00000|
| 362|0x0000000658000000, 0x0000000658100000, 0x0000000658100000|100%| E|CS|TS  1|AC  0|TAMS 0x0000000658000000, 0x0000000658000000|
| 363|0x0000000658100000, 0x0000000658200000, 0x0000000658200000|100%| E|CS|TS  1|AC  0|TAMS 0x0000000658100000, 0x0000000658100000|
| 364|0x0000000658200000, 0x0000000658300000, 0x0000000658300000|100%| E|CS|TS  1|AC  0|TAMS 0x0000000658200000, 0x0000000658200000|
| 365|0x0000000658300000, 0x0000000658400000, 0x0000000658400000|100%| E|CS|TS  1|AC  0|TAMS 0x0000000658300000, 0x0000000658300000|
| 366|0x0000000658400000, 0x0000000658500000, 0x0000000658500000|100%| E|CS|TS  1|AC  0|TAMS 0x0000000658400000, 0x0000000658400000|
| 367|0x0000000658500000, 0x0000000658600000, 0x0000000658600000|100%| E|CS|TS  1|AC  0|TAMS 0x0000000658500000, 0x0000000658500000|
| 368|0x0000000658600000, 0x0000000658700000, 0x0000000658700000|100%| E|CS|TS  1|AC  0|TAMS 0x0000000658600000, 0x0000000658600000|
| 369|0x0000000658700000, 0x0000000658800000, 0x0000000658800000|100%| E|CS|TS  1|AC  0|TAMS 0x0000000658700000, 0x0000000658700000|
| 370|0x0000000658800000, 0x0000000658900000, 0x0000000658900000|100%| E|CS|TS  1|AC  0|TAMS 0x0000000658800000, 0x0000000658800000|
| 371|0x0000000658900000, 0x0000000658a00000, 0x0000000658a00000|100%| E|CS|TS  1|AC  0|TAMS 0x0000000658900000, 0x0000000658900000|
| 372|0x0000000658a00000, 0x0000000658b00000, 0x0000000658b00000|100%| E|CS|TS  1|AC  0|TAMS 0x0000000658a00000, 0x0000000658a00000|
| 373|0x0000000658b00000, 0x0000000658c00000, 0x0000000658c00000|100%| E|CS|TS  1|AC  0|TAMS 0x0000000658b00000, 0x0000000658b00000|
| 374|0x0000000658c00000, 0x0000000658d00000, 0x0000000658d00000|100%| E|CS|TS  1|AC  0|TAMS 0x0000000658c00000, 0x0000000658c00000|
| 375|0x0000000658d00000, 0x0000000658e00000, 0x0000000658e00000|100%| E|CS|TS  1|AC  0|TAMS 0x0000000658d00000, 0x0000000658d00000|
| 376|0x0000000658e00000, 0x0000000658f00000, 0x0000000658f00000|100%| E|CS|TS  1|AC  0|TAMS 0x0000000658e00000, 0x0000000658e00000|
| 377|0x0000000658f00000, 0x0000000659000000, 0x0000000659000000|100%| E|CS|TS  1|AC  0|TAMS 0x0000000658f00000, 0x0000000658f00000|
| 378|0x0000000659000000, 0x0000000659100000, 0x0000000659100000|100%| E|CS|TS  1|AC  0|TAMS 0x0000000659000000, 0x0000000659000000|
| 379|0x0000000659100000, 0x0000000659200000, 0x0000000659200000|100%| E|CS|TS  1|AC  0|TAMS 0x0000000659100000, 0x0000000659100000|
| 380|0x0000000659200000, 0x0000000659300000, 0x0000000659300000|100%| E|CS|TS  1|AC  0|TAMS 0x0000000659200000, 0x0000000659200000|
| 381|0x0000000659300000, 0x0000000659400000, 0x0000000659400000|100%| E|CS|TS  1|AC  0|TAMS 0x0000000659300000, 0x0000000659300000|
| 382|0x0000000659400000, 0x0000000659500000, 0x0000000659500000|100%| E|CS|TS  1|AC  0|TAMS 0x0000000659400000, 0x0000000659400000|
| 383|0x0000000659500000, 0x0000000659600000, 0x0000000659600000|100%| E|CS|TS  1|AC  0|TAMS 0x0000000659500000, 0x0000000659500000|

Card table byte_map: [0x0000021fd9430000,0x0000021fda030000] byte_map_base: 0x0000021fd6225000

Marking Bits (Prev, Next): (CMBitMap*) 0x0000021fc1e006e0, (CMBitMap*) 0x0000021fc1e00718
 Prev Bits: [0x0000021fdac30000, 0x0000021fe0bd8000)
 Next Bits: [0x0000021fe0be0000, 0x0000021fe6b88000)

Polling page: 0x0000021fbf820000

CodeHeap 'non-profiled nmethods': size=120000Kb used=1112Kb max_used=1112Kb free=118887Kb
 bounds [0x0000021fd0fd0000, 0x0000021fd1240000, 0x0000021fd8500000]
CodeHeap 'profiled nmethods': size=120000Kb used=3639Kb max_used=3639Kb free=116360Kb
 bounds [0x0000021fc9aa0000, 0x0000021fc9e30000, 0x0000021fd0fd0000]
CodeHeap 'non-nmethods': size=5760Kb used=1312Kb max_used=1417Kb free=4447Kb
 bounds [0x0000021fc9500000, 0x0000021fc9770000, 0x0000021fc9aa0000]
 total_blobs=2671 nmethods=1674 adapters=523
 compilation: enabled

Compilation events (10 events):
Event: 5.524 Thread 0x0000021fe99ed000 1679       3       com.sun.javafx.tk.quantum.QuantumToolkit$$Lambda$53/45331284::run (8 bytes)
Event: 5.524 Thread 0x0000021fe99ed000 nmethod 1679 0x0000021fc9e0cc90 code [0x0000021fc9e0ce80, 0x0000021fc9e0d270]
Event: 5.524 Thread 0x0000021fe99ed000 1680   !   3       com.sun.javafx.tk.quantum.QuantumToolkit::lambda$runToolkit$12 (16 bytes)
Event: 5.524 Thread 0x0000021fe99ed000 nmethod 1680 0x0000021fc9e0d490 code [0x0000021fc9e0d680, 0x0000021fc9e0d9f0]
Event: 7.572 Thread 0x0000021fe99ed000 1681       3       com.sun.javafx.tk.quantum.QuantumToolkit::postPulse (106 bytes)
Event: 7.573 Thread 0x0000021fe99ed000 nmethod 1681 0x0000021fc9e0db90 code [0x0000021fc9e0dec0, 0x0000021fc9e0f0e0]
Event: 11.031 Thread 0x0000021fe99ed000 1682       3       org.eclipse.jdt.launching.internal.org.objectweb.asm.ClassReader::readCode (5089 bytes)
Event: 11.089 Thread 0x0000021fe99ed000 nmethod 1682 0x0000021fc9e0f710 code [0x0000021fc9e10be0, 0x0000021fc9e21b10]
Event: 41.461 Thread 0x0000021fe99ed000 1683       3       org.eclipse.jdt.launching.internal.org.objectweb.asm.MethodWriter::visitLineNumber (50 bytes)
Event: 41.462 Thread 0x0000021fe99ed000 nmethod 1683 0x0000021fc9e2d410 code [0x0000021fc9e2d600, 0x0000021fc9e2db20]

GC Heap History (2 events):
Event: 1.450 GC heap before
{Heap before GC invocations=0 (full 0):
 garbage-first heap   total 393216K, used 24576K [0x0000000641600000, 0x00000007c0000000)
  region size 1024K, 24 young (24576K), 0 survivors (0K)
 Metaspace       used 10953K, capacity 11272K, committed 11520K, reserved 1058816K
  class space    used 1057K, capacity 1178K, committed 1280K, reserved 1048576K
}
Event: 1.455 GC heap after
{Heap after GC invocations=1 (full 0):
 garbage-first heap   total 393216K, used 2640K [0x0000000641600000, 0x00000007c0000000)
  region size 1024K, 3 young (3072K), 3 survivors (3072K)
 Metaspace       used 10953K, capacity 11272K, committed 11520K, reserved 1058816K
  class space    used 1057K, capacity 1178K, committed 1280K, reserved 1048576K
}

Deoptimization events (10 events):
Event: 1.956 Thread 0x0000021fea591800 Uncommon trap: reason=unstable_if action=reinterpret pc=0x0000021fd1012c88 method=java.lang.AbstractStringBuilder.putStringAt(ILjava/lang/String;)V @ 8 c2
Event: 1.956 Thread 0x0000021fea591800 Uncommon trap: reason=unstable_if action=reinterpret pc=0x0000021fd1028f30 method=java.lang.AbstractStringBuilder.putStringAt(ILjava/lang/String;)V @ 8 c2
Event: 2.042 Thread 0x0000021fea591800 Uncommon trap: reason=unstable_if action=reinterpret pc=0x0000021fd105c290 method=org.eclipse.jdt.launching.internal.org.objectweb.asm.ClassReader.readMethod(Lorg/eclipse/jdt/launching/internal/org/objectweb/asm/ClassVisitor;Lorg/eclipse/jdt/launching/int
Event: 2.042 Thread 0x0000021fea591800 Uncommon trap: reason=unstable_if action=reinterpret pc=0x0000021fd1075560 method=org.eclipse.jdt.launching.internal.org.objectweb.asm.MethodWriter.putMethodInfo(Lorg/eclipse/jdt/launching/internal/org/objectweb/asm/ByteVector;)V @ 220 c2
Event: 2.117 Thread 0x0000021fea591800 Uncommon trap: reason=class_check action=maybe_recompile pc=0x0000021fd108d490 method=java.io.DataInputStream.readShort()S @ 4 c2
Event: 2.117 Thread 0x0000021fea591800 Uncommon trap: reason=class_check action=maybe_recompile pc=0x0000021fd108d490 method=java.io.DataInputStream.readShort()S @ 4 c2
Event: 2.117 Thread 0x0000021fea591800 Uncommon trap: reason=class_check action=maybe_recompile pc=0x0000021fd108d490 method=java.io.DataInputStream.readShort()S @ 4 c2
Event: 2.119 Thread 0x0000021fea591800 Uncommon trap: reason=class_check action=maybe_recompile pc=0x0000021fd108d490 method=java.io.DataInputStream.readShort()S @ 4 c2
Event: 2.124 Thread 0x0000021fea591800 Uncommon trap: reason=unstable_if action=reinterpret pc=0x0000021fd108a9c8 method=java.util.HashMap.getNode(ILjava/lang/Object;)Ljava/util/HashMap$Node; @ 84 c2
Event: 11.031 Thread 0x0000021fea65b800 Uncommon trap: reason=unstable_if action=reinterpret pc=0x0000021fd10c64bc method=org.eclipse.jdt.launching.internal.org.objectweb.asm.ClassReader.readCode(Lorg/eclipse/jdt/launching/internal/org/objectweb/asm/MethodVisitor;Lorg/eclipse/jdt/launching/inte

Classes redefined (3 events):
Event: 11.047 Thread 0x0000021fe9971000 redefined class name=test.javafx.view.AircraftTableViewController, count=1
Event: 36.223 Thread 0x0000021fe9971000 redefined class name=test.javafx.view.AircraftTableViewController, count=2
Event: 41.473 Thread 0x0000021fe9971000 redefined class name=test.javafx.view.AircraftTableViewController, count=3

Internal exceptions (10 events):
Event: 1.962 Thread 0x0000021fea591800 Exception <a 'java/io/FileNotFoundException'{0x00000006576ab1c0}> (0x00000006576ab1c0) thrown at [t:/workspace/open/src/hotspot/share/prims/jni.cpp, line 611]
Event: 1.963 Thread 0x0000021fea591800 Exception <a 'java/io/FileNotFoundException'{0x00000006576af670}> (0x00000006576af670) thrown at [t:/workspace/open/src/hotspot/share/prims/jni.cpp, line 611]
Event: 1.968 Thread 0x0000021fea591800 Exception <a 'java/io/FileNotFoundException'{0x00000006576bc030}> (0x00000006576bc030) thrown at [t:/workspace/open/src/hotspot/share/prims/jni.cpp, line 611]
Event: 1.972 Thread 0x0000021fea591800 Exception <a 'java/io/FileNotFoundException'{0x00000006576c69a0}> (0x00000006576c69a0) thrown at [t:/workspace/open/src/hotspot/share/prims/jni.cpp, line 611]
Event: 1.977 Thread 0x0000021fea591800 Exception <a 'java/io/FileNotFoundException'{0x00000006576d5960}> (0x00000006576d5960) thrown at [t:/workspace/open/src/hotspot/share/prims/jni.cpp, line 611]
Event: 1.981 Thread 0x0000021fea591800 Exception <a 'java/io/FileNotFoundException'{0x00000006576e2800}> (0x00000006576e2800) thrown at [t:/workspace/open/src/hotspot/share/prims/jni.cpp, line 611]
Event: 2.048 Thread 0x0000021fea591800 Exception <a 'java/lang/NoSuchMethodError'{0x000000065725b5c8}: java.lang.invoke.DirectMethodHandle$Holder.invokeInterface(Ljava/lang/Object;Ljava/lang/Object;Ljava/lang/Object;)I> (0x000000065725b5c8) thrown at [t:/workspace/open/src/hotspot/share/interp
Event: 2.054 Thread 0x0000021fea591800 Exception <a 'java/lang/NoSuchMethodError'{0x00000006572777c8}: java.lang.Object.of([Ljava/lang/Object;)Ljava/util/stream/Stream;> (0x00000006572777c8) thrown at [t:/workspace/open/src/hotspot/share/interpreter/linkResolver.cpp, line 741]
Event: 2.145 Thread 0x0000021fea591800 Exception <a 'java/lang/NoSuchMethodError'{0x0000000656dc2d78}: java.lang.invoke.DirectMethodHandle$Holder.invokeStaticInit(Ljava/lang/Object;Ljava/lang/Object;)V> (0x0000000656dc2d78) thrown at [t:/workspace/open/src/hotspot/share/interpreter/linkResolve
Event: 2.169 Thread 0x0000021fea591800 Exception <a 'java/lang/NoSuchMethodError'{0x0000000656b3cce8}: java.lang.invoke.DirectMethodHandle$Holder.invokeSpecial(Ljava/lang/Object;Ljava/lang/Object;Ljava/lang/Object;Ljava/lang/Object;)V> (0x0000000656b3cce8) thrown at [t:/workspace/open/src/hots

Events (10 events):
Event: 36.402 Executing VM operation: GetOrSetLocal done
Event: 36.402 Executing VM operation: GetFrameLocation
Event: 36.402 Executing VM operation: GetFrameLocation done
Event: 36.403 Executing VM operation: GetOrSetLocal
Event: 36.403 Executing VM operation: GetOrSetLocal done
Event: 36.403 Executing VM operation: GetFrameLocation
Event: 36.403 Executing VM operation: GetFrameLocation done
Event: 36.403 Executing VM operation: GetOrSetLocal
Event: 36.403 Executing VM operation: GetOrSetLocal done
Event: 41.462 Executing VM operation: RedefineClasses


Dynamic libraries:
0x00007ff7945f0000 - 0x00007ff79462e000 	C:\Program Files\Java\jre-10.0.2\bin\javaw.exe
0x00007ff8ede90000 - 0x00007ff8ee071000 	C:\WINDOWS\SYSTEM32\ntdll.dll
0x00007ff8eba70000 - 0x00007ff8ebb22000 	C:\WINDOWS\System32\KERNEL32.DLL
0x00007ff8ea5f0000 - 0x00007ff8ea863000 	C:\WINDOWS\System32\KERNELBASE.dll
0x00007ff8a2c10000 - 0x00007ff8a2d51000 	C:\WINDOWS\System32\AppCheck64.dll
0x00007ff8ebb30000 - 0x00007ff8ebbd1000 	C:\WINDOWS\System32\ADVAPI32.dll
0x00007ff8ed1a0000 - 0x00007ff8ed23e000 	C:\WINDOWS\System32\msvcrt.dll
0x00007ff8edc40000 - 0x00007ff8edc9b000 	C:\WINDOWS\System32\sechost.dll
0x00007ff8ed590000 - 0x00007ff8ed6b4000 	C:\WINDOWS\System32\RPCRT4.dll
0x00007ff8edca0000 - 0x00007ff8ede30000 	C:\WINDOWS\System32\USER32.dll
0x00007ff8ea3e0000 - 0x00007ff8ea400000 	C:\WINDOWS\System32\win32u.dll
0x00007ff8edc10000 - 0x00007ff8edc38000 	C:\WINDOWS\System32\GDI32.dll
0x00007ff8ea9f0000 - 0x00007ff8eab82000 	C:\WINDOWS\System32\gdi32full.dll
0x00007ff8ea8f0000 - 0x00007ff8ea98f000 	C:\WINDOWS\System32\msvcp_win.dll
0x00007ff8ea230000 - 0x00007ff8ea32a000 	C:\WINDOWS\System32\ucrtbase.dll
0x00007ff8de940000 - 0x00007ff8deba9000 	C:\WINDOWS\WinSxS\amd64_microsoft.windows.common-controls_6595b64144ccf1df_6.0.17134.590_none_fb3d9bff3069e088\COMCTL32.dll
0x00007ff8e5040000 - 0x00007ff8e504a000 	C:\WINDOWS\SYSTEM32\VERSION.dll
0x00007ff8ed260000 - 0x00007ff8ed582000 	C:\WINDOWS\System32\combase.dll
0x00007ff8ea870000 - 0x00007ff8ea8ea000 	C:\WINDOWS\System32\bcryptPrimitives.dll
0x00007ff8eb450000 - 0x00007ff8eb47d000 	C:\WINDOWS\System32\IMM32.DLL
0x00007ff8c65b0000 - 0x00007ff8c669f000 	C:\Program Files\Java\jre-10.0.2\bin\msvcr120.dll
0x00007ff8d7da0000 - 0x00007ff8d7e46000 	C:\Program Files\Java\jre-10.0.2\bin\msvcp120.dll
0x0000000051b90000 - 0x0000000052600000 	C:\Program Files\Java\jre-10.0.2\bin\server\jvm.dll
0x00007ff8edc00000 - 0x00007ff8edc08000 	C:\WINDOWS\System32\PSAPI.DLL
0x00007ff8dde00000 - 0x00007ff8dde09000 	C:\WINDOWS\SYSTEM32\WSOCK32.dll
0x00007ff8e0740000 - 0x00007ff8e0763000 	C:\WINDOWS\SYSTEM32\WINMM.dll
0x00007ff8ed8f0000 - 0x00007ff8ed95c000 	C:\WINDOWS\System32\WS2_32.dll
0x00007ff8e0710000 - 0x00007ff8e073a000 	C:\WINDOWS\SYSTEM32\winmmbase.dll
0x00007ff8eb2a0000 - 0x00007ff8eb2e9000 	C:\WINDOWS\System32\cfgmgr32.dll
0x00007ff8e5890000 - 0x00007ff8e589f000 	C:\Program Files\Java\jre-10.0.2\bin\verify.dll
0x00007ff8e8bc0000 - 0x00007ff8e8d89000 	C:\WINDOWS\SYSTEM32\DBGHELP.DLL
0x00007ff8e42c0000 - 0x00007ff8e42e9000 	C:\WINDOWS\SYSTEM32\dbgcore.DLL
0x00007ff8e5130000 - 0x00007ff8e5157000 	C:\Program Files\Java\jre-10.0.2\bin\java.dll
0x00007ff8baf30000 - 0x00007ff8baf66000 	C:\Program Files\Java\jre-10.0.2\bin\jdwp.dll
0x00007ff8cca80000 - 0x00007ff8ccaaa000 	C:\Program Files\Java\jre-10.0.2\bin\instrument.dll
0x00007ff8e5110000 - 0x00007ff8e5126000 	C:\Program Files\Java\jre-10.0.2\bin\zip.dll
0x00007ff8e56a0000 - 0x00007ff8e56aa000 	C:\Program Files\Java\jre-10.0.2\bin\jimage.dll
0x00007ff8ebbe0000 - 0x00007ff8ed020000 	C:\WINDOWS\System32\SHELL32.dll
0x00007ff8ed960000 - 0x00007ff8eda09000 	C:\WINDOWS\System32\shcore.dll
0x00007ff8eab90000 - 0x00007ff8eb29d000 	C:\WINDOWS\System32\windows.storage.dll
0x00007ff8eb390000 - 0x00007ff8eb3e1000 	C:\WINDOWS\System32\shlwapi.dll
0x00007ff8ea170000 - 0x00007ff8ea181000 	C:\WINDOWS\System32\kernel.appcore.dll
0x00007ff8ea190000 - 0x00007ff8ea1af000 	C:\WINDOWS\System32\profapi.dll
0x00007ff8ea1d0000 - 0x00007ff8ea21c000 	C:\WINDOWS\System32\powrprof.dll
0x00007ff8ea220000 - 0x00007ff8ea22a000 	C:\WINDOWS\System32\FLTLIB.DLL
0x00007ff8e4ea0000 - 0x00007ff8e4eaa000 	C:\Program Files\Java\jre-10.0.2\bin\dt_socket.dll
0x00007ff8e99f0000 - 0x00007ff8e9a56000 	C:\WINDOWS\System32\mswsock.dll
0x00007ff8e97b0000 - 0x00007ff8e986e000 	C:\WINDOWS\SYSTEM32\DNSAPI.dll
0x00007ff8ed7b0000 - 0x00007ff8ed7b8000 	C:\WINDOWS\System32\NSI.dll
0x00007ff8e9770000 - 0x00007ff8e97a8000 	C:\WINDOWS\SYSTEM32\IPHLPAPI.DLL
0x00007ff8e28d0000 - 0x00007ff8e2942000 	C:\WINDOWS\System32\fwpuclnt.dll
0x00007ff8e9cd0000 - 0x00007ff8e9cf5000 	C:\WINDOWS\SYSTEM32\bcrypt.dll
0x00007ff8e2830000 - 0x00007ff8e283a000 	C:\Windows\System32\rasadhlp.dll
0x00007ff8e1f40000 - 0x00007ff8e1f5a000 	C:\Program Files\Java\jre-10.0.2\bin\net.dll
0x00007ff8e2c70000 - 0x00007ff8e2d4d000 	C:\WINDOWS\SYSTEM32\WINHTTP.dll
0x00007ff8e1f20000 - 0x00007ff8e1f31000 	C:\Program Files\Java\jre-10.0.2\bin\nio.dll
0x0000021fbfa30000 - 0x0000021fbfa33000 	C:\Program Files\Java\jre-10.0.2\bin\api-ms-win-core-console-l1-1-0.dll
0x0000021fc1c60000 - 0x0000021fc1c63000 	C:\Program Files\Java\jre-10.0.2\bin\api-ms-win-core-datetime-l1-1-0.dll
0x0000021fc1c70000 - 0x0000021fc1c73000 	C:\Program Files\Java\jre-10.0.2\bin\api-ms-win-core-debug-l1-1-0.dll
0x0000021fc1c80000 - 0x0000021fc1c83000 	C:\Program Files\Java\jre-10.0.2\bin\api-ms-win-core-errorhandling-l1-1-0.dll
0x0000021fc1c90000 - 0x0000021fc1c94000 	C:\Program Files\Java\jre-10.0.2\bin\api-ms-win-core-file-l1-1-0.dll
0x0000021fc1ca0000 - 0x0000021fc1ca3000 	C:\Program Files\Java\jre-10.0.2\bin\api-ms-win-core-file-l1-2-0.dll
0x0000021fc1cb0000 - 0x0000021fc1cb3000 	C:\Program Files\Java\jre-10.0.2\bin\api-ms-win-core-file-l2-1-0.dll
0x0000021fc1cc0000 - 0x0000021fc1cc3000 	C:\Program Files\Java\jre-10.0.2\bin\api-ms-win-core-handle-l1-1-0.dll
0x0000021fc1cd0000 - 0x0000021fc1cd3000 	C:\Program Files\Java\jre-10.0.2\bin\api-ms-win-core-heap-l1-1-0.dll
0x0000021fc1ce0000 - 0x0000021fc1ce3000 	C:\Program Files\Java\jre-10.0.2\bin\api-ms-win-core-interlocked-l1-1-0.dll
0x0000021fc1cf0000 - 0x0000021fc1cf3000 	C:\Program Files\Java\jre-10.0.2\bin\api-ms-win-core-libraryloader-l1-1-0.dll
0x0000021fc1d00000 - 0x0000021fc1d03000 	C:\Program Files\Java\jre-10.0.2\bin\api-ms-win-core-localization-l1-2-0.dll
0x0000021fc1d10000 - 0x0000021fc1d13000 	C:\Program Files\Java\jre-10.0.2\bin\api-ms-win-core-memory-l1-1-0.dll
0x0000021fc1d20000 - 0x0000021fc1d23000 	C:\Program Files\Java\jre-10.0.2\bin\api-ms-win-core-namedpipe-l1-1-0.dll
0x0000021febc60000 - 0x0000021febc63000 	C:\Program Files\Java\jre-10.0.2\bin\api-ms-win-core-processenvironment-l1-1-0.dll
0x0000021febc70000 - 0x0000021febc73000 	C:\Program Files\Java\jre-10.0.2\bin\api-ms-win-core-processthreads-l1-1-0.dll
0x0000021febc80000 - 0x0000021febc83000 	C:\Program Files\Java\jre-10.0.2\bin\api-ms-win-core-processthreads-l1-1-1.dll
0x0000021febc90000 - 0x0000021febc93000 	C:\Program Files\Java\jre-10.0.2\bin\api-ms-win-core-profile-l1-1-0.dll
0x0000021febca0000 - 0x0000021febca3000 	C:\Program Files\Java\jre-10.0.2\bin\api-ms-win-core-rtlsupport-l1-1-0.dll
0x0000021febcb0000 - 0x0000021febcb3000 	C:\Program Files\Java\jre-10.0.2\bin\api-ms-win-core-string-l1-1-0.dll
0x0000021febcc0000 - 0x0000021febcc3000 	C:\Program Files\Java\jre-10.0.2\bin\api-ms-win-core-synch-l1-1-0.dll
0x0000021febcd0000 - 0x0000021febcd3000 	C:\Program Files\Java\jre-10.0.2\bin\api-ms-win-core-synch-l1-2-0.dll
0x0000021febce0000 - 0x0000021febce3000 	C:\Program Files\Java\jre-10.0.2\bin\api-ms-win-core-sysinfo-l1-1-0.dll
0x0000021febcf0000 - 0x0000021febcf3000 	C:\Program Files\Java\jre-10.0.2\bin\api-ms-win-core-timezone-l1-1-0.dll
0x0000021febd00000 - 0x0000021febd03000 	C:\Program Files\Java\jre-10.0.2\bin\api-ms-win-core-util-l1-1-0.dll
0x0000021febd10000 - 0x0000021febd13000 	C:\Program Files\Java\jre-10.0.2\bin\api-ms-win-crt-conio-l1-1-0.dll
0x0000021febd20000 - 0x0000021febd24000 	C:\Program Files\Java\jre-10.0.2\bin\api-ms-win-crt-convert-l1-1-0.dll
0x0000021febd30000 - 0x0000021febd33000 	C:\Program Files\Java\jre-10.0.2\bin\api-ms-win-crt-environment-l1-1-0.dll
0x0000021febd40000 - 0x0000021febd43000 	C:\Program Files\Java\jre-10.0.2\bin\api-ms-win-crt-filesystem-l1-1-0.dll
0x0000021febd50000 - 0x0000021febd53000 	C:\Program Files\Java\jre-10.0.2\bin\api-ms-win-crt-heap-l1-1-0.dll
0x0000021febd60000 - 0x0000021febd63000 	C:\Program Files\Java\jre-10.0.2\bin\api-ms-win-crt-locale-l1-1-0.dll
0x0000021febd70000 - 0x0000021febd75000 	C:\Program Files\Java\jre-10.0.2\bin\api-ms-win-crt-math-l1-1-0.dll
0x0000021febd80000 - 0x0000021febd85000 	C:\Program Files\Java\jre-10.0.2\bin\api-ms-win-crt-multibyte-l1-1-0.dll
0x0000021febd90000 - 0x0000021febda0000 	C:\Program Files\Java\jre-10.0.2\bin\api-ms-win-crt-private-l1-1-0.dll
0x0000021febda0000 - 0x0000021febda3000 	C:\Program Files\Java\jre-10.0.2\bin\api-ms-win-crt-process-l1-1-0.dll
0x0000021febdb0000 - 0x0000021febdb4000 	C:\Program Files\Java\jre-10.0.2\bin\api-ms-win-crt-runtime-l1-1-0.dll
0x0000021febdc0000 - 0x0000021febdc4000 	C:\Program Files\Java\jre-10.0.2\bin\api-ms-win-crt-stdio-l1-1-0.dll
0x0000021febdd0000 - 0x0000021febdd4000 	C:\Program Files\Java\jre-10.0.2\bin\api-ms-win-crt-string-l1-1-0.dll
0x0000021febde0000 - 0x0000021febde3000 	C:\Program Files\Java\jre-10.0.2\bin\api-ms-win-crt-time-l1-1-0.dll
0x0000021febdf0000 - 0x0000021febdf3000 	C:\Program Files\Java\jre-10.0.2\bin\api-ms-win-crt-utility-l1-1-0.dll
0x00007ff8ba580000 - 0x00007ff8ba676000 	C:\Program Files\Java\jre-10.0.2\bin\ucrtbase.dll
0x00007ff8e4e80000 - 0x00007ff8e4e96000 	C:\Program Files\Java\jre-10.0.2\bin\vcruntime140.dll
0x00007ff8ba4e0000 - 0x00007ff8ba57c000 	C:\Program Files\Java\jre-10.0.2\bin\msvcp140.dll
0x00007ff8d8380000 - 0x00007ff8d83d1000 	C:\Program Files\Java\jre-10.0.2\bin\concrt140.dll
0x00007ff8d7ea0000 - 0x00007ff8d7ec3000 	C:\Program Files\Java\jre-10.0.2\bin\prism_d3d.dll
0x00007ff8ca900000 - 0x00007ff8caa97000 	C:\WINDOWS\system32\d3d9.dll
0x00007ff8e8570000 - 0x00007ff8e8599000 	C:\WINDOWS\SYSTEM32\dwmapi.dll
0x00007ff8e7dd0000 - 0x00007ff8e7e68000 	C:\WINDOWS\system32\uxtheme.dll
0x00007ff8ea400000 - 0x00007ff8ea5e2000 	C:\WINDOWS\System32\crypt32.dll
0x00007ff8ea1b0000 - 0x00007ff8ea1c2000 	C:\WINDOWS\System32\MSASN1.dll
0x00007ff8ea990000 - 0x00007ff8ea9e7000 	C:\WINDOWS\System32\WINTRUST.DLL
0x00007ff8ed240000 - 0x00007ff8ed25d000 	C:\WINDOWS\System32\imagehlp.dll
0x00007ff8e9ba0000 - 0x00007ff8e9bb7000 	C:\WINDOWS\SYSTEM32\CRYPTSP.dll
0x00007ff8e95d0000 - 0x00007ff8e9603000 	C:\WINDOWS\system32\rsaenh.dll
0x00007ff8e9bc0000 - 0x00007ff8e9bcb000 	C:\WINDOWS\SYSTEM32\CRYPTBASE.dll
0x00007ff8d7e50000 - 0x00007ff8d7e9a000 	C:\Program Files\Java\jre-10.0.2\bin\glass.dll
0x00007ff8ed6c0000 - 0x00007ff8ed7ad000 	C:\WINDOWS\System32\COMDLG32.dll
0x00007ff8edaa0000 - 0x00007ff8edbf1000 	C:\WINDOWS\System32\ole32.dll
0x00007ff8ed7c0000 - 0x00007ff8ed883000 	C:\WINDOWS\System32\OLEAUT32.dll
0x00007ff8ed020000 - 0x00007ff8ed193000 	C:\WINDOWS\System32\MSCTF.dll
0x00007ff8c3af0000 - 0x00007ff8c3b28000 	C:\WINDOWS\system32\IMGSF50Filter_x64.dll
0x0000000053fa0000 - 0x0000000054043000 	C:\WINDOWS\WinSxS\amd64_microsoft.vc90.crt_1fc8b3b9a1e18e3b_9.0.30729.9415_none_08e0c10ba840a28a\MSVCR90.dll
0x0000000054050000 - 0x0000000054123000 	C:\WINDOWS\WinSxS\amd64_microsoft.vc90.crt_1fc8b3b9a1e18e3b_9.0.30729.9415_none_08e0c10ba840a28a\MSVCP90.dll
0x00007ff8c3870000 - 0x00007ff8c3990000 	C:\WINDOWS\SYSTEM32\Opengl32.dll
0x00007ff8c3810000 - 0x00007ff8c383c000 	C:\WINDOWS\SYSTEM32\GLU32.dll
0x00007ff8ba870000 - 0x00007ff8ba95e000 	C:\WINDOWS\System32\DriverStore\FileRepository\nvloi.inf_amd64_4ed1904f7da2ea65\nvldumdx.dll
0x00007ff89deb0000 - 0x00007ff89f297000 	C:\WINDOWS\System32\DriverStore\FileRepository\nvloi.inf_amd64_4ed1904f7da2ea65\nvd3dumx.dll
0x00007ff8af990000 - 0x00007ff8afa54000 	C:\Program Files (x86)\NVIDIA Corporation\3D Vision\nvSCPAPI64.dll
0x00007ff8eb480000 - 0x00007ff8eb8cb000 	C:\WINDOWS\System32\SETUPAPI.dll
0x00007ff8b7e50000 - 0x00007ff8b80d8000 	C:\WINDOWS\system32\nvspcap64.dll
0x00007ff8e9260000 - 0x00007ff8e9291000 	C:\WINDOWS\SYSTEM32\ntmarta.dll
0x00007ff8e8d90000 - 0x00007ff8e8db2000 	C:\WINDOWS\SYSTEM32\gpapi.dll

dbghelp: loaded successfully - version: 4.0.5 - missing functions: none
symbol engine: initialized successfully - sym options: 0x614 - pdb path: .;C:\Program Files\Java\jre-10.0.2\bin;C:\WINDOWS\SYSTEM32;C:\WINDOWS\WinSxS\amd64_microsoft.windows.common-controls_6595b64144ccf1df_6.0.17134.590_none_fb3d9bff3069e088;C:\Program Files\Java\jre-10.0.2\bin\server;C:\WINDOWS\WinSxS\amd64_microsoft.vc90.crt_1fc8b3b9a1e18e3b_9.0.30729.9415_none_08e0c10ba840a28a;C:\WINDOWS\System32\DriverStore\FileRepository\nvloi.inf_amd64_4ed1904f7da2ea65;C:\Program Files (x86)\NVIDIA Corporation\3D Vision;C:\WINDOWS\System32\DriverStore\FileRepository\ki125518.inf_amd64_87a763693d44f7e0

VM Arguments:
jvm_args: -agentlib:jdwp=transport=dt_socket,suspend=y,address=localhost:14643 -Djava.library.path=C:\Users\hp\git\ADSBPacketDelivery\Lib -javaagent:D:\java-2018-12\eclipse\configuration\org.eclipse.osgi\221\0\.cp\lib\javaagent-shaded.jar -Dfile.encoding=MS949 
java_command: test.javafx.JavaFXTestDrive
java_class_path (initial): C:\Users\cp511\git\ADSBPacketDelivery\bin;C:\Users\cp511\git\ADSBPacketDelivery\jpcap-0.01.16-win32\jars\dev-classes_net.ultrametrics-0.03.jar;C:\Users\cp511\git\ADSBPacketDelivery\jpcap-0.01.16-win32\jars\fooware_CommandLine-1.0.jar;C:\Users\cp511\git\ADSBPacketDelivery\jpcap-0.01.16-win32\jars\javadoc_net.sourceforge.jpcap-0.01.16.jar;C:\Users\cp511\git\ADSBPacketDelivery\jpcap-0.01.16-win32\jars\net.sourceforge.jpcap-0.01.16.jar;C:\Users\cp511\git\ADSBPacketDelivery\jnetpcap-1.4.r1425\jnetpcap.jar
Launcher Type: SUN_STANDARD

Logging:
Log output configuration:
#0: stdout all=warning uptime,level,tags
#1: stderr all=off uptime,level,tags

Environment Variables:
PATH=C:\Program Files\Rockwell Software\RSCommon;C:\Program Files (x86)\Common Files\Oracle\Java\javapath;C:\ProgramData\Oracle\Java\javapath;C:\Program Files (x86)\Intel\iCLS Client\;C:\Program Files\Intel\iCLS Client\;C:\windows\system32;C:\windows;C:\windows\System32\Wbem;C:\windows\System32\WindowsPowerShell\v1.0\;C:\Program Files (x86)\Intel\Intel(R) Management Engine Components\DAL;C:\Program Files\Intel\Intel(R) Management Engine Components\DAL;C:\Program Files (x86)\Intel\Intel(R) Management Engine Components\IPT;C:\Program Files\Intel\Intel(R) Management Engine Components\IPT;C:\Program Files (x86)\NVIDIA Corporation\PhysX\Common;C:\Program Files\MATLAB\R2018a\runtime\win64;C:\Program Files\MATLAB\R2018a\bin;C:\Program Files\MATLAB\R2016b\runtime\win64;C:\Program Files\MATLAB\R2016b\bin;C:\Program Files\MATLAB\MATLAB Production Server\R2015a\runtime\win64;C:\Program Files\MATLAB\MATLAB Production Server\R2015a\bin;C:\Program Files\MATLAB\MATLAB Production Server\R2015a\polyspace\bin;C:\Program Files\MATLAB\R2016b\polyspace\bin;C:\Program Files\Intel\WiFi\bin\;C:\Program Files\Common Files\Intel\WirelessCommon\;C:\WINDOWS\system32;C:\WINDOWS;C:\WINDOWS\System32\Wbem;C:\WINDOWS\System32\WindowsPowerShell\v1.0\;C:\WINDOWS\System32\OpenSSH\;C:\Users\cp511\AppData\Local\Microsoft\WindowsApps;C:\Program Files\TAAM\TAAM_2017_4_0_Release_17;C:\Program Files\Intel\WiFi\bin\;C:\Program Files\Common Files\Intel\WirelessCommon\;C:\Program Files\Windows Media Player\;C:\Program Files\Wireshark;
USERNAME=cp511
OS=Windows_NT
PROCESSOR_IDENTIFIER=Intel64 Family 6 Model 142 Stepping 10, GenuineIntel



---------------  S Y S T E M  ---------------

OS: Windows 10 , 64 bit Build 17134 (10.0.17134.556)

CPU:total 8 (initial active 8) (4 cores per cpu, 2 threads per core) family 6 model 142 stepping 10, cmov, cx8, fxsr, mmx, sse, sse2, sse3, ssse3, sse4.1, sse4.2, popcnt, avx, avx2, aes, clmul, erms, 3dnowpref, lzcnt, ht, tsc, tscinvbit, bmi1, bmi2, adx, fma

Memory: 4k page, physical 25072868k(13165856k free), swap 30865236k(3931612k free)

vm_info: Java HotSpot(TM) 64-Bit Server VM (10.0.2+13) for windows-amd64 JRE (10.0.2+13), built on Jun 28 2018 01:57:56 by "mach5one" with MS VC++ 12.0 (VS2013)

END.
